#-----------------------------------------------------------
# Vivado v2020.1 (64-bit)
# SW Build 2902540 on Wed May 27 19:54:49 MDT 2020
# IP Build 2902112 on Wed May 27 22:43:36 MDT 2020
# Start of session at: Fri Apr 19 19:47:11 2024
# Process ID: 6816
# Current directory: C:/Xil_proj/315/proj/DIY/netlist/ip_catalog
# Command line: vivado.exe -gui_launcher_event rodinguilauncherevent2244 C:\Xil_proj\315\proj\DIY\netlist\ip_catalog\axis_morph.xpr
# Log file: C:/Xil_proj/315/proj/DIY/netlist/ip_catalog/vivado.log
# Journal file: C:/Xil_proj/315/proj/DIY/netlist/ip_catalog\vivado.jou
#-----------------------------------------------------------
start_gui
open_project C:/Xil_proj/315/proj/DIY/netlist/ip_catalog/axis_morph.xpr
Scanning sources...
Finished scanning sources
INFO: [IP_Flow 19-234] Refreshing IP repositories
INFO: [IP_Flow 19-1700] Loaded user IP repository 'c:/Xil_proj/315/proj/DIY/netlist/ip'.
WARNING: [IP_Flow 19-3656] If you move the project, the path for repository 'c:/Xil_proj/315/proj/DIY/netlist/ip' may become invalid. A better location for the repository would be in a path adjacent to the project. (Current project location is 'c:/Xil_proj/315/proj/DIY/netlist/ip_catalog'.)
INFO: [IP_Flow 19-2313] Loaded Vivado IP repository 'C:/Xilinx/Vivado/2020.1/data/ip'.
open_project: Time (s): cpu = 00:00:18 ; elapsed = 00:00:09 . Memory (MB): peak = 1077.480 ; gain = 0.000
update_compile_order -fileset sources_1
open_bd_design {C:/Xil_proj/315/proj/DIY/netlist/ip_catalog/axis_morph.srcs/sources_1/bd/axis_morph_bd/axis_morph_bd.bd}
Adding component instance block -- User_Company:SysGen:axis_morph:1.0 - axis_morph_1
Adding component instance block -- xilinx.com:ip:processing_system7:5.5 - processing_system_1
WARNING: [BD 41-176] The physical port 'S_AXI_GP2_rd_socket' specified in the portmap, is not found on the block! 
WARNING: [BD 41-176] The physical port 'S_AXI_GP2_wr_socket' specified in the portmap, is not found on the block! 
WARNING: [BD 41-176] The physical port 'S_AXI_GP3_rd_socket' specified in the portmap, is not found on the block! 
WARNING: [BD 41-176] The physical port 'S_AXI_GP3_wr_socket' specified in the portmap, is not found on the block! 
Adding component instance block -- xilinx.com:ip:axi_interconnect:2.1 - processing_system_1_axi_periph
Adding component instance block -- xilinx.com:ip:axi_protocol_converter:2.1 - auto_pc
Adding component instance block -- xilinx.com:ip:proc_sys_reset:5.0 - rst_processing_system_1_50M
Successfully read diagram <axis_morph_bd> from BD file <C:/Xil_proj/315/proj/DIY/netlist/ip_catalog/axis_morph.srcs/sources_1/bd/axis_morph_bd/axis_morph_bd.bd>
open_bd_design: Time (s): cpu = 00:00:09 ; elapsed = 00:00:06 . Memory (MB): peak = 1077.480 ; gain = 0.000
exit
INFO: [Common 17-206] Exiting Vivado at Fri Apr 19 19:53:08 2024...
