INFO-FLOW: Workspace C:/Xil_proj/315/proj/Viting/Morph/morph_1 opened at Mon Apr 22 21:12:56 +0100 2024
Execute     ap_set_clock -name default -period 10 -default=false 
INFO: [SYN 201-201] Setting up clock 'default' with a period of 10ns.
Execute     import_lib C:/Xilinx/Vitis_HLS/2020.2/common/technology/xilinx/zynq/zynq 
Execute       source C:/Xilinx/Vitis_HLS/2020.2/common/technology/xilinx/interface/xilinx_interface.hlp 
Execute         source C:/Xilinx/Vitis_HLS/2020.2/common/technology/xilinx/interface/maxi.hlp 
Execute         source C:/Xilinx/Vitis_HLS/2020.2/common/technology/xilinx/interface/saxilite.hlp 
Execute       source C:/Xilinx/Vitis_HLS/2020.2/common/technology/xilinx/DSP48/dsp48.hlp 
Execute     source C:/Xilinx/Vitis_HLS/2020.2/common/technology/xilinx/common/xilinx.gen 
Execute       source C:/Xilinx/Vitis_HLS/2020.2/common/technology/xilinx/interface/plb46.gen 
Execute       source C:/Xilinx/Vitis_HLS/2020.2/common/technology/xilinx/interface/axi4.gen 
Execute       source C:/Xilinx/Vitis_HLS/2020.2/common/technology/xilinx/interface/nativeAXI4.gen 
Execute         source C:/Xilinx/Vitis_HLS/2020.2/common/technology/xilinx/interface/saxilite.gen 
Execute         source C:/Xilinx/Vitis_HLS/2020.2/common/technology/xilinx/interface/maxi.gen 
Execute       source C:/Xilinx/Vitis_HLS/2020.2/common/technology/xilinx/scripts/xilinxcoregen.gen 
Execute       source C:/Xilinx/Vitis_HLS/2020.2/common/technology/xilinx/interface/XilEDKCoreGen.gen 
Execute       source C:/Xilinx/Vitis_HLS/2020.2/common/technology/xilinx/ip/dds_compiler.gen 
Execute       source C:/Xilinx/Vitis_HLS/2020.2/common/technology/xilinx/ip/util.gen 
Execute       source C:/Xilinx/Vitis_HLS/2020.2/common/technology/xilinx/ip/xfft.gen 
Command       ap_source done; 0.102 sec.
Execute       source C:/Xilinx/Vitis_HLS/2020.2/common/technology/xilinx/ip/xfir.gen 
Execute       source C:/Xilinx/Vitis_HLS/2020.2/common/technology/xilinx/DSP48/dsp48.gen 
Command     ap_source done; 0.235 sec.
Execute     import_lib C:/Xilinx/Vitis_HLS/2020.2/common/technology/xilinx/zynq/zynq_fpv6 
Execute       source C:/Xilinx/Vitis_HLS/2020.2/common/technology/xilinx/interface/xilinx_interface.hlp 
Execute         source C:/Xilinx/Vitis_HLS/2020.2/common/technology/xilinx/interface/maxi.hlp 
Execute         source C:/Xilinx/Vitis_HLS/2020.2/common/technology/xilinx/interface/saxilite.hlp 
Execute       source C:/Xilinx/Vitis_HLS/2020.2/common/technology/xilinx/DSP48/dsp48.hlp 
Execute     source C:/Xilinx/Vitis_HLS/2020.2/common/technology/xilinx/common/xilinx.gen 
Execute       source C:/Xilinx/Vitis_HLS/2020.2/common/technology/xilinx/interface/plb46.gen 
Execute       source C:/Xilinx/Vitis_HLS/2020.2/common/technology/xilinx/interface/axi4.gen 
Execute       source C:/Xilinx/Vitis_HLS/2020.2/common/technology/xilinx/interface/nativeAXI4.gen 
Execute         source C:/Xilinx/Vitis_HLS/2020.2/common/technology/xilinx/interface/saxilite.gen 
Execute         source C:/Xilinx/Vitis_HLS/2020.2/common/technology/xilinx/interface/maxi.gen 
Execute       source C:/Xilinx/Vitis_HLS/2020.2/common/technology/xilinx/scripts/xilinxcoregen.gen 
Execute       source C:/Xilinx/Vitis_HLS/2020.2/common/technology/xilinx/interface/XilEDKCoreGen.gen 
Execute       source C:/Xilinx/Vitis_HLS/2020.2/common/technology/xilinx/ip/dds_compiler.gen 
Execute       source C:/Xilinx/Vitis_HLS/2020.2/common/technology/xilinx/ip/util.gen 
Execute       source C:/Xilinx/Vitis_HLS/2020.2/common/technology/xilinx/ip/xfft.gen 
Execute       source C:/Xilinx/Vitis_HLS/2020.2/common/technology/xilinx/ip/xfir.gen 
Execute       source C:/Xilinx/Vitis_HLS/2020.2/common/technology/xilinx/DSP48/dsp48.gen 
Command     ap_source done; 0.136 sec.
Execute     set_part xc7z020clg400-1 
INFO-FLOW: DBG:set_part: XILINX_VIVADO=C:/Xilinx/Vivado/2020.2
INFO-FLOW: DBG:set_part: RDI_DATADIR=C:/Xilinx/Vivado/2020.2/data;C:/Xilinx/Vitis_HLS/2020.2/data
Execute       ap_part_info -name xc7z020clg400-1 -data single -quiet 
DBG:HLSDevice: Trying to load device library: C:/Xilinx/Vitis_HLS/2020.2\lib\win64.o\librdi_hlsvwrap.dll
DBG:HLSDevice: first parts/arch.xml in RDI_DATADIR: C:/Xilinx/Vivado/2020.2/data/parts/arch.xml
Command       ap_part_info done; 2.81 sec.
Execute       ap_part_info -name xc7z020clg400-1 -data info 
Execute       add_library xilinx/zynq/zynq:xc7z020:-clg400:-1 
Execute         get_default_platform 
Execute         open_platform DefaultPlatform 
Execute         ap_part_info -data single -name xc7z020-clg400-1 
Execute         ap_part_info -name xc7z020-clg400-1 -data resources 
Execute         config_chip_info -resource {SLICE 13300} {LUT 53200} {FF 106400} {DSP 220} {BRAM 280} {URAM 0} 
Execute         ap_part_info -name xc7z020-clg400-1 -data info 
Execute         config_chip_info -speed slow 
Execute         ap_part_info -name xc7z020-clg400-1 -data info 
Execute         config_library_info -library zynq_slow 
Execute         config_library_info -family zynq 
Execute         config_library_info -part xc7z020:-clg400:-1 
Execute         import_lib C:/Xilinx/Vitis_HLS/2020.2/common/technology/xilinx/zynq/zynq 
Execute           source C:/Xilinx/Vitis_HLS/2020.2/common/technology/xilinx/interface/xilinx_interface.hlp 
Execute             source C:/Xilinx/Vitis_HLS/2020.2/common/technology/xilinx/interface/maxi.hlp 
Execute             source C:/Xilinx/Vitis_HLS/2020.2/common/technology/xilinx/interface/saxilite.hlp 
Execute           source C:/Xilinx/Vitis_HLS/2020.2/common/technology/xilinx/DSP48/dsp48.hlp 
Execute           source C:/Xilinx/Vitis_HLS/2020.2/common/technology/xilinx/DSP48/zynq_dsp48e1.hlp 
Execute         source C:/Xilinx/Vitis_HLS/2020.2/common/technology/xilinx/common/xilinx.gen 
Execute           source C:/Xilinx/Vitis_HLS/2020.2/common/technology/xilinx/interface/plb46.gen 
Execute           source C:/Xilinx/Vitis_HLS/2020.2/common/technology/xilinx/interface/axi4.gen 
Execute           source C:/Xilinx/Vitis_HLS/2020.2/common/technology/xilinx/interface/nativeAXI4.gen 
Execute             source C:/Xilinx/Vitis_HLS/2020.2/common/technology/xilinx/interface/saxilite.gen 
Execute             source C:/Xilinx/Vitis_HLS/2020.2/common/technology/xilinx/interface/maxi.gen 
Execute           source C:/Xilinx/Vitis_HLS/2020.2/common/technology/xilinx/scripts/xilinxcoregen.gen 
Execute           source C:/Xilinx/Vitis_HLS/2020.2/common/technology/xilinx/interface/XilEDKCoreGen.gen 
Execute           source C:/Xilinx/Vitis_HLS/2020.2/common/technology/xilinx/ip/dds_compiler.gen 
Execute           source C:/Xilinx/Vitis_HLS/2020.2/common/technology/xilinx/ip/util.gen 
Execute           source C:/Xilinx/Vitis_HLS/2020.2/common/technology/xilinx/ip/xfft.gen 
Command           ap_source done; 0.119 sec.
Execute           source C:/Xilinx/Vitis_HLS/2020.2/common/technology/xilinx/ip/xfir.gen 
Execute           source C:/Xilinx/Vitis_HLS/2020.2/common/technology/xilinx/DSP48/dsp48.gen 
Command         ap_source done; 0.178 sec.
Command       add_library done; 0.322 sec.
INFO: [HLS 200-10] Setting target device to 'xc7z020-clg400-1'
Execute       ap_part_info -name xc7z020-clg400-1 -data info 
Execute       config_compile -quiet -complex-mul-dsp=0 
Command     set_part done; 3.182 sec.
Execute     ap_part_info -data single -name xc7z020clg400-1 
Execute     ap_part_info -name xc7z020clg400-1 -data resources 
Execute     config_chip_info -resource {SLICE 13300} {LUT 53200} {FF 106400} {DSP 220} {BRAM 280} {URAM 0} 
Execute     ap_part_info -name xc7z020clg400-1 -data info 
Execute     config_chip_info -speed slow 
Execute     send_msg_by_id INFO @200-1505@%s%s  vivado 
INFO: [HLS 200-1505] Using flow_target 'vivado'
Execute     get_config_interface -m_axi_latency 
Execute     get_config_interface -m_axi_alignment_byte_size 
Execute     get_config_interface -m_axi_max_widen_bitwidth 
Execute     get_config_interface -default_interface 
Execute     get_config_interface -m_axi_offset 
Execute     get_config_rtl -register_reset_num 
Command   open_solution done; 3.677 sec.
Execute   set_part xc7z020clg400-1 
INFO: [HLS 200-1510] Running: set_part xc7z020clg400-1 
INFO-FLOW: DBG:set_part: XILINX_VIVADO=C:/Xilinx/Vivado/2020.2
INFO-FLOW: DBG:set_part: RDI_DATADIR=C:/Xilinx/Vivado/2020.2/data;C:/Xilinx/Vitis_HLS/2020.2/data
Execute     ap_part_info -name xc7z020clg400-1 -data single -quiet 
Execute     ap_part_info -name xc7z020clg400-1 -data info 
Execute     add_library xilinx/zynq/zynq:xc7z020:-clg400:-1 
Execute       get_default_platform 
Execute       open_platform DefaultPlatform 
Execute       ap_part_info -data single -name xc7z020-clg400-1 
Execute       ap_part_info -name xc7z020-clg400-1 -data resources 
Execute       config_chip_info -resource {SLICE 13300} {LUT 53200} {FF 106400} {DSP 220} {BRAM 280} {URAM 0} 
Execute       ap_part_info -name xc7z020-clg400-1 -data info 
Execute       config_chip_info -speed slow 
Execute       ap_part_info -name xc7z020-clg400-1 -data info 
Execute       config_library_info -library zynq_slow 
Execute       config_library_info -family zynq 
Execute       config_library_info -part xc7z020:-clg400:-1 
Execute       import_lib C:/Xilinx/Vitis_HLS/2020.2/common/technology/xilinx/zynq/zynq 
Execute         source C:/Xilinx/Vitis_HLS/2020.2/common/technology/xilinx/interface/xilinx_interface.hlp 
Execute           source C:/Xilinx/Vitis_HLS/2020.2/common/technology/xilinx/interface/maxi.hlp 
Execute           source C:/Xilinx/Vitis_HLS/2020.2/common/technology/xilinx/interface/saxilite.hlp 
Execute         source C:/Xilinx/Vitis_HLS/2020.2/common/technology/xilinx/DSP48/dsp48.hlp 
Execute         source C:/Xilinx/Vitis_HLS/2020.2/common/technology/xilinx/DSP48/zynq_dsp48e1.hlp 
Execute       source C:/Xilinx/Vitis_HLS/2020.2/common/technology/xilinx/common/xilinx.gen 
Execute         source C:/Xilinx/Vitis_HLS/2020.2/common/technology/xilinx/interface/plb46.gen 
Execute         source C:/Xilinx/Vitis_HLS/2020.2/common/technology/xilinx/interface/axi4.gen 
Execute         source C:/Xilinx/Vitis_HLS/2020.2/common/technology/xilinx/interface/nativeAXI4.gen 
Execute           source C:/Xilinx/Vitis_HLS/2020.2/common/technology/xilinx/interface/saxilite.gen 
Execute           source C:/Xilinx/Vitis_HLS/2020.2/common/technology/xilinx/interface/maxi.gen 
Execute         source C:/Xilinx/Vitis_HLS/2020.2/common/technology/xilinx/scripts/xilinxcoregen.gen 
Execute         source C:/Xilinx/Vitis_HLS/2020.2/common/technology/xilinx/interface/XilEDKCoreGen.gen 
Execute         source C:/Xilinx/Vitis_HLS/2020.2/common/technology/xilinx/ip/dds_compiler.gen 
Execute         source C:/Xilinx/Vitis_HLS/2020.2/common/technology/xilinx/ip/util.gen 
Execute         source C:/Xilinx/Vitis_HLS/2020.2/common/technology/xilinx/ip/xfft.gen 
Execute         source C:/Xilinx/Vitis_HLS/2020.2/common/technology/xilinx/ip/xfir.gen 
Execute         source C:/Xilinx/Vitis_HLS/2020.2/common/technology/xilinx/DSP48/dsp48.gen 
Command       ap_source done; 0.145 sec.
Command     add_library done; 0.199 sec.
Execute     ap_part_info -name xc7z020-clg400-1 -data info 
Execute     config_compile -quiet -complex-mul-dsp=0 
Command   set_part done; 0.238 sec.
Execute   create_clock -period 10 -name default 
INFO: [HLS 200-1510] Running: create_clock -period 10 -name default 
Execute     ap_set_clock -name default -period 10 -default=false 
INFO: [SYN 201-201] Setting up clock 'default' with a period of 10ns.
Execute   csynth_design 
INFO: [HLS 200-1510] Running: csynth_design 
Execute     get_config_compile -effort 
Execute     get_config_compile -enable_clang39 
Execute     get_config_compile -g 
Execute     get_config_compile -ng 
Execute     get_config_compile -opt_fp 
Execute     get_config_compile -skip_cdt 
Execute     get_config_compile -skip_syncheck 
Execute     get_config_compile -skip_transform 
Execute     get_config_compile -keep_printf 
Execute     elaborate -effort=medium -skip_syncheck=0 -keep_printf=0 -skip_cdt=0 -skip_transform=0 -ng=0 -g=0 -opt_fp=0 -from_csynth_design=1 
INFO: [HLS 200-111] Finished File checks and directory preparation: CPU user time: 0 seconds. CPU system time: 0 seconds. Elapsed time: 0.133 seconds; current allocated memory: 163.792 MB.
INFO: [HLS 200-10] Analyzing design file 'main.cpp' ... 
INFO-FLOW: Compiling one TU...
Execute       get_config_compile -pragma_strict_mode 
INFO-FLOW: Handling main.cpp as C++
Execute       ap_part_info -name xc7z020-clg400-1 -data info 
INFO-FLOW: Running: GCC PP 39
INFO-FLOW: Source preprocessing
Execute       ap_eval exec -ignorestderr C:/Xilinx/Vitis_HLS/2020.2/win64/tools/clang-3.9-csynth/bin/clang main.cpp -foptimization-record-file=C:/Xil_proj/315/proj/Viting/Morph/morph_1/.autopilot/db/clang.main.cpp.diag.yml -mllvm -pass-remarks-missed=reflow|pasta|unroll -mllvm -pass-remarks=reflow|pasta|unroll|inline -fno-limit-debug-info --sysroot C:/Xilinx/Vitis_HLS/2020.2/tps/mingw/6.2.0/win64.o/nt -fhls -fno-exceptions -E -fno-math-errno -c -emit-llvm -mllvm -disable-llvm-optzns -Werror=implicit-function-declaration -Werror=implicit-hls-streams -Werror=return-type -Wpragmas -Wunused-parameter -fno-threadsafe-statics -fno-use-cxa-atexit -std=gnu++14 -target fpga64-xilinx-mingw32 -fno-threadsafe-statics -fno-use-cxa-atexit -I C:/Xilinx/Vitis_HLS/2020.2/common/technology/autopilot/39 -D__VITIS_HLS__ -DAESL_SYN -D__SYNTHESIS__ -D__HLS_SYN__ -I C:/Xilinx/Vitis_HLS/2020.2/common/technology/autopilot -I C:/Xilinx/Vitis_HLS/2020.2/common/technology/autopilot/ap_sysc -include etc/autopilot_ssdm_op.h -D__DSP48E1__ -o C:/Xil_proj/315/proj/Viting/Morph/morph_1/.autopilot/db/main.pp.0.cpp > C:/Xil_proj/315/proj/Viting/Morph/morph_1/.autopilot/db/clang.main.cpp.out.log 2> C:/Xil_proj/315/proj/Viting/Morph/morph_1/.autopilot/db/clang.main.cpp.err.log 
Command       ap_eval done; 0.205 sec.
INFO-FLOW: Done: GCC PP 39 time: 0.2 seconds per iteration
Execute       set_directive_top window -name=window 
INFO-FLOW: Setting directive 'TOP' name=window 
INFO-FLOW: Setting directive 'TOP' name=window 
Execute       source C:/Xilinx/Vitis_HLS/2020.2/tps/tcl/tcllib1.11.1/yaml/huddle.tcl 
Execute       source C:/Xilinx/Vitis_HLS/2020.2/tps/tcl/tcllib1.11.1/yaml/json2huddle.tcl 
Execute         source C:/Xilinx/Vitis_HLS/2020.2/tps/tcl/tcllib1.11.1/try/try.tcl 
INFO-FLOW: Setting directive 'TOP' name=window 
Execute       list_core -type functional_unit 
Execute       clang_tidy xilinx-systemc-detector C:/Xil_proj/315/proj/Viting/Morph/morph_1/.autopilot/db/main.pp.0.cpp std=gnu++14 -target fpga  -directive=C:/Xil_proj/315/proj/Viting/Morph/morph_1/.autopilot/db/.systemc_flag 
INFO-FLOW: exec C:/Xilinx/Vitis_HLS/2020.2/win64/tools/clang-3.9-csynth/bin/clang-tidy -header-filter=.* --checks=-*,xilinx-systemc-detector -import-directive=C:/Xil_proj/315/proj/Viting/Morph/morph_1/.autopilot/db/.systemc_flag -fix-errors C:/Xil_proj/315/proj/Viting/Morph/morph_1/.autopilot/db/main.pp.0.cpp -- -std=gnu++14 -target fpga -fhls -ferror-limit=0
Command       clang_tidy done; 0.162 sec.
INFO-FLOW: Running: clang-tidy CDT preprocess 39
Execute       clang_tidy xilinx-directive2pragma C:/Xil_proj/315/proj/Viting/Morph/morph_1/.autopilot/db/main.pp.0.cpp std=gnu++14 -target fpga  -directive=C:/Xil_proj/315/proj/Viting/Morph/morph_1/.autopilot/db/all.directive.json 
INFO-FLOW: exec C:/Xilinx/Vitis_HLS/2020.2/win64/tools/clang-3.9-csynth/bin/clang-tidy -header-filter=.* --checks=-*,xilinx-directive2pragma -import-directive=C:/Xil_proj/315/proj/Viting/Morph/morph_1/.autopilot/db/all.directive.json -fix-errors C:/Xil_proj/315/proj/Viting/Morph/morph_1/.autopilot/db/main.pp.0.cpp -- -std=gnu++14 -target fpga -fhls -ferror-limit=0
Execute       clang_tidy xilinx-constantarray-param,xilinx-remove-assert C:/Xil_proj/315/proj/Viting/Morph/morph_1/.autopilot/db/main.pp.0.cpp std=gnu++14 -target fpga  
INFO-FLOW: exec C:/Xilinx/Vitis_HLS/2020.2/win64/tools/clang-3.9-csynth/bin/clang-tidy -header-filter=.* --checks=-*,xilinx-constantarray-param,xilinx-remove-assert -fix-errors C:/Xil_proj/315/proj/Viting/Morph/morph_1/.autopilot/db/main.pp.0.cpp -- -std=gnu++14 -target fpga -fhls -ferror-limit=0
INFO-FLOW: Done: clang-tidy CDT preprocess 39 time: 0.2 seconds per iteration
INFO-FLOW: Calling xilinx-label-all-loops ... 
Execute       clang_tidy -errorcheck xilinx-label-all-loops,xilinx-top-parameters,xilinx-array-stream-check,xilinx-warn-mayneed-no-ctor-attribute C:/Xil_proj/315/proj/Viting/Morph/morph_1/.autopilot/db/main.pp.0.cpp std=gnu++14 -target fpga  
Execute         ap_eval exec -ignorestderr C:/Xilinx/Vitis_HLS/2020.2/win64/tools/clang-3.9-csynth/bin/clang-tidy -export-fixes=C:/Xil_proj/315/proj/Viting/Morph/morph_1/.autopilot/db/clang-tidy.main.pp.0.cpp.diag.yml -header-filter=.* --checks=-*,xilinx-label-all-loops,xilinx-top-parameters,xilinx-array-stream-check,xilinx-warn-mayneed-no-ctor-attribute -fix-errors C:/Xil_proj/315/proj/Viting/Morph/morph_1/.autopilot/db/main.pp.0.cpp -- -std=gnu++14 -target fpga -fhls -ferror-limit=0 > C:/Xil_proj/315/proj/Viting/Morph/morph_1/.autopilot/db/clang-tidy.main.pp.0.cpp.out.log 2> C:/Xil_proj/315/proj/Viting/Morph/morph_1/.autopilot/db/clang-tidy.main.pp.0.cpp.err.log 
Execute         source C:/Xilinx/Vitis_HLS/2020.2/tps/tcl/tcllib1.11.1/yaml/yaml.tcl 
Execute           source C:/Xilinx/Vitis_HLS/2020.2/tps/tcl/tcllib1.11.1/cmdline/cmdline.tcl 
ERROR: [HLS 214-124] use of undeclared identifier 'width': main.cpp:12
ERROR: [HLS 214-124] use of undeclared identifier 'width': main.cpp:18
Command       clang_tidy done; error code: 2; 0.137 sec.
Command     elaborate done; error code: 2; 0.881 sec.
Command   csynth_design done; error code: 2; 0.899 sec.
INFO: [HLS 200-111] Finished Command csynth_design CPU user time: 0 seconds. CPU system time: 0 seconds. Elapsed time: 0.991 seconds; current allocated memory: 165.077 MB.
Command ap_source done; error code: 1; 4.954 sec.
Execute cleanup_all 
