#-----------------------------------------------------------
# Vivado v2020.1 (64-bit)
# SW Build 2902540 on Wed May 27 19:54:49 MDT 2020
# IP Build 2902112 on Wed May 27 22:43:36 MDT 2020
# Start of session at: Fri Apr 19 16:37:50 2024
# Process ID: 8632
# Current directory: C:/Users/Daniel/Documents/Github/315-GroupProject/Group Project/Custom Kernelisiing/netlist
# Command line: vivado.exe -mode batch -source ProjectGeneration.tcl -notrace
# Log file: C:/Users/Daniel/Documents/Github/315-GroupProject/Group Project/Custom Kernelisiing/netlist/vivado.log
# Journal file: C:/Users/Daniel/Documents/Github/315-GroupProject/Group Project/Custom Kernelisiing/netlist\vivado.jou
#-----------------------------------------------------------
source ProjectGeneration.tcl -notrace
INFO: [ProjectBase 1-489] The host OS only allows 260 characters in a normal path. The project is stored in a path with more than 80 characters. If you experience issues with IP, Block Designs, or files not being found, please consider moving the project to a location with a shorter path. Alternately consider using the OS subst command to map part of the path to a drive letter.
Current project path is 'C:/Users/Daniel/Documents/Github/315-GroupProject/Group Project/Custom Kernelisiing/netlist/ip_catalog'
WARNING: [Coretcl 2-176] No IPs found
INFO: [IP_Flow 19-234] Refreshing IP repositories
INFO: [IP_Flow 19-1704] No user IP repositories specified
INFO: [IP_Flow 19-2313] Loaded Vivado IP repository 'C:/Xilinx/Vivado/2020.1/data/ip'.
WARNING: [IP_Flow 19-4832] The IP name 'axi_stream_morphing_mult_gen_v12_0_i0' you have specified is long. The Windows operating system has path length limitations. It is recommended you use shorter names to reduce the likelihood of issues.
WARNING: [Vivado 12-3523] Attempt to change 'Component_Name' from 'axi_stream_morphing_mult_gen_v12_0_i0' to 'axi_stream_morphing_mult_gen_v12_0_i0' is not allowed and is ignored.
WARNING: [IP_Flow 19-4832] The IP name 'axi_stream_morphing_c_counter_binary_v12_0_i0' you have specified is long. The Windows operating system has path length limitations. It is recommended you use shorter names to reduce the likelihood of issues.
WARNING: [Vivado 12-3523] Attempt to change 'Component_Name' from 'axi_stream_morphing_c_counter_binary_v12_0_i0' to 'axi_stream_morphing_c_counter_binary_v12_0_i0' is not allowed and is ignored.
WARNING: [IP_Flow 19-4832] The IP name 'axi_stream_morphing_c_counter_binary_v12_0_i1' you have specified is long. The Windows operating system has path length limitations. It is recommended you use shorter names to reduce the likelihood of issues.
WARNING: [Vivado 12-3523] Attempt to change 'Component_Name' from 'axi_stream_morphing_c_counter_binary_v12_0_i1' to 'axi_stream_morphing_c_counter_binary_v12_0_i1' is not allowed and is ignored.
WARNING: [IP_Flow 19-4832] The IP name 'axi_stream_morphing_c_addsub_v12_0_i0' you have specified is long. The Windows operating system has path length limitations. It is recommended you use shorter names to reduce the likelihood of issues.
WARNING: [Vivado 12-3523] Attempt to change 'Component_Name' from 'axi_stream_morphing_c_addsub_v12_0_i0' to 'axi_stream_morphing_c_addsub_v12_0_i0' is not allowed and is ignored.
WARNING: [IP_Flow 19-3374] An attempt to modify the value of disabled parameter 'B_Value' from '000' to '0' has been ignored for IP 'axi_stream_morphing_c_addsub_v12_0_i0'
WARNING: [IP_Flow 19-3374] An attempt to modify the value of disabled parameter 'Bypass_Sense' from 'Active_High' to 'Active_Low' has been ignored for IP 'axi_stream_morphing_c_addsub_v12_0_i0'
WARNING: [IP_Flow 19-3374] An attempt to modify the value of disabled parameter 'Bypass_CE_Priority' from 'CE_Overrides_Bypass' to 'Bypass_Overrides_CE' has been ignored for IP 'axi_stream_morphing_c_addsub_v12_0_i0'
WARNING: [IP_Flow 19-4832] The IP name 'axi_stream_morphing_c_addsub_v12_0_i1' you have specified is long. The Windows operating system has path length limitations. It is recommended you use shorter names to reduce the likelihood of issues.
WARNING: [Vivado 12-3523] Attempt to change 'Component_Name' from 'axi_stream_morphing_c_addsub_v12_0_i1' to 'axi_stream_morphing_c_addsub_v12_0_i1' is not allowed and is ignored.
WARNING: [IP_Flow 19-3374] An attempt to modify the value of disabled parameter 'B_Value' from '0000' to '0' has been ignored for IP 'axi_stream_morphing_c_addsub_v12_0_i1'
WARNING: [IP_Flow 19-3374] An attempt to modify the value of disabled parameter 'Bypass_Sense' from 'Active_High' to 'Active_Low' has been ignored for IP 'axi_stream_morphing_c_addsub_v12_0_i1'
WARNING: [IP_Flow 19-3374] An attempt to modify the value of disabled parameter 'Bypass_CE_Priority' from 'CE_Overrides_Bypass' to 'Bypass_Overrides_CE' has been ignored for IP 'axi_stream_morphing_c_addsub_v12_0_i1'
WARNING: [IP_Flow 19-4832] The IP name 'axi_stream_morphing_c_addsub_v12_0_i2' you have specified is long. The Windows operating system has path length limitations. It is recommended you use shorter names to reduce the likelihood of issues.
WARNING: [Vivado 12-3523] Attempt to change 'Component_Name' from 'axi_stream_morphing_c_addsub_v12_0_i2' to 'axi_stream_morphing_c_addsub_v12_0_i2' is not allowed and is ignored.
WARNING: [IP_Flow 19-3374] An attempt to modify the value of disabled parameter 'B_Value' from '00000' to '0' has been ignored for IP 'axi_stream_morphing_c_addsub_v12_0_i2'
WARNING: [IP_Flow 19-3374] An attempt to modify the value of disabled parameter 'Bypass_Sense' from 'Active_High' to 'Active_Low' has been ignored for IP 'axi_stream_morphing_c_addsub_v12_0_i2'
WARNING: [IP_Flow 19-3374] An attempt to modify the value of disabled parameter 'Bypass_CE_Priority' from 'CE_Overrides_Bypass' to 'Bypass_Overrides_CE' has been ignored for IP 'axi_stream_morphing_c_addsub_v12_0_i2'
WARNING: [IP_Flow 19-4832] The IP name 'axi_stream_morphing_mult_gen_v12_0_i1' you have specified is long. The Windows operating system has path length limitations. It is recommended you use shorter names to reduce the likelihood of issues.
WARNING: [Vivado 12-3523] Attempt to change 'Component_Name' from 'axi_stream_morphing_mult_gen_v12_0_i1' to 'axi_stream_morphing_mult_gen_v12_0_i1' is not allowed and is ignored.
WARNING: [IP_Flow 19-4832] The IP name 'axi_stream_morphing_c_addsub_v12_0_i3' you have specified is long. The Windows operating system has path length limitations. It is recommended you use shorter names to reduce the likelihood of issues.
WARNING: [Vivado 12-3523] Attempt to change 'Component_Name' from 'axi_stream_morphing_c_addsub_v12_0_i3' to 'axi_stream_morphing_c_addsub_v12_0_i3' is not allowed and is ignored.
WARNING: [IP_Flow 19-3374] An attempt to modify the value of disabled parameter 'B_Value' from '0000000000000000000000000' to '0' has been ignored for IP 'axi_stream_morphing_c_addsub_v12_0_i3'
WARNING: [IP_Flow 19-3374] An attempt to modify the value of disabled parameter 'Bypass_Sense' from 'Active_High' to 'Active_Low' has been ignored for IP 'axi_stream_morphing_c_addsub_v12_0_i3'
WARNING: [IP_Flow 19-3374] An attempt to modify the value of disabled parameter 'Bypass_CE_Priority' from 'CE_Overrides_Bypass' to 'Bypass_Overrides_CE' has been ignored for IP 'axi_stream_morphing_c_addsub_v12_0_i3'
WARNING: [IP_Flow 19-4832] The IP name 'axi_stream_morphing_c_addsub_v12_0_i4' you have specified is long. The Windows operating system has path length limitations. It is recommended you use shorter names to reduce the likelihood of issues.
WARNING: [Vivado 12-3523] Attempt to change 'Component_Name' from 'axi_stream_morphing_c_addsub_v12_0_i4' to 'axi_stream_morphing_c_addsub_v12_0_i4' is not allowed and is ignored.
WARNING: [IP_Flow 19-3374] An attempt to modify the value of disabled parameter 'B_Value' from '00000000000000000000000000' to '0' has been ignored for IP 'axi_stream_morphing_c_addsub_v12_0_i4'
WARNING: [IP_Flow 19-3374] An attempt to modify the value of disabled parameter 'Bypass_Sense' from 'Active_High' to 'Active_Low' has been ignored for IP 'axi_stream_morphing_c_addsub_v12_0_i4'
WARNING: [IP_Flow 19-3374] An attempt to modify the value of disabled parameter 'Bypass_CE_Priority' from 'CE_Overrides_Bypass' to 'Bypass_Overrides_CE' has been ignored for IP 'axi_stream_morphing_c_addsub_v12_0_i4'
WARNING: [IP_Flow 19-4832] The IP name 'axi_stream_morphing_mult_gen_v12_0_i2' you have specified is long. The Windows operating system has path length limitations. It is recommended you use shorter names to reduce the likelihood of issues.
WARNING: [Vivado 12-3523] Attempt to change 'Component_Name' from 'axi_stream_morphing_mult_gen_v12_0_i2' to 'axi_stream_morphing_mult_gen_v12_0_i2' is not allowed and is ignored.
WARNING: [IP_Flow 19-3374] An attempt to modify the value of disabled parameter 'PortBType' from 'Signed' to 'Unsigned' has been ignored for IP 'axi_stream_morphing_mult_gen_v12_0_i2'
WARNING: [IP_Flow 19-3374] An attempt to modify the value of disabled parameter 'PortBWidth' from '18' to '16' has been ignored for IP 'axi_stream_morphing_mult_gen_v12_0_i2'
WARNING: [IP_Flow 19-4832] The IP name 'axi_stream_morphing_mult_gen_v12_0_i3' you have specified is long. The Windows operating system has path length limitations. It is recommended you use shorter names to reduce the likelihood of issues.
WARNING: [Vivado 12-3523] Attempt to change 'Component_Name' from 'axi_stream_morphing_mult_gen_v12_0_i3' to 'axi_stream_morphing_mult_gen_v12_0_i3' is not allowed and is ignored.
WARNING: [IP_Flow 19-3374] An attempt to modify the value of disabled parameter 'PortBType' from 'Signed' to 'Unsigned' has been ignored for IP 'axi_stream_morphing_mult_gen_v12_0_i3'
WARNING: [IP_Flow 19-3374] An attempt to modify the value of disabled parameter 'PortBWidth' from '18' to '16' has been ignored for IP 'axi_stream_morphing_mult_gen_v12_0_i3'
WARNING: [IP_Flow 19-4832] The IP name 'axi_stream_morphing_mult_gen_v12_0_i4' you have specified is long. The Windows operating system has path length limitations. It is recommended you use shorter names to reduce the likelihood of issues.
WARNING: [Vivado 12-3523] Attempt to change 'Component_Name' from 'axi_stream_morphing_mult_gen_v12_0_i4' to 'axi_stream_morphing_mult_gen_v12_0_i4' is not allowed and is ignored.
WARNING: [IP_Flow 19-3374] An attempt to modify the value of disabled parameter 'PortBType' from 'Signed' to 'Unsigned' has been ignored for IP 'axi_stream_morphing_mult_gen_v12_0_i4'
WARNING: [IP_Flow 19-3374] An attempt to modify the value of disabled parameter 'PortBWidth' from '18' to '16' has been ignored for IP 'axi_stream_morphing_mult_gen_v12_0_i4'
WARNING: [IP_Flow 19-4832] The IP name 'axi_stream_morphing_fifo_generator_i0' you have specified is long. The Windows operating system has path length limitations. It is recommended you use shorter names to reduce the likelihood of issues.
WARNING: [Vivado 12-3523] Attempt to change 'Component_Name' from 'axi_stream_morphing_fifo_generator_i0' to 'axi_stream_morphing_fifo_generator_i0' is not allowed and is ignored.
WARNING: [IP_Flow 19-3374] An attempt to modify the value of disabled parameter 'Use_Extra_Logic' from 'true' to 'false' has been ignored for IP 'axi_stream_morphing_fifo_generator_i0'
WARNING: [IP_Flow 19-3374] An attempt to modify the value of disabled parameter 'Use_Dout_Reset' from 'false' to 'true' has been ignored for IP 'axi_stream_morphing_fifo_generator_i0'
WARNING: [IP_Flow 19-4832] The IP name 'axi_stream_morphing_fifo_generator_i1' you have specified is long. The Windows operating system has path length limitations. It is recommended you use shorter names to reduce the likelihood of issues.
WARNING: [Vivado 12-3523] Attempt to change 'Component_Name' from 'axi_stream_morphing_fifo_generator_i1' to 'axi_stream_morphing_fifo_generator_i1' is not allowed and is ignored.
WARNING: [IP_Flow 19-3374] An attempt to modify the value of disabled parameter 'Use_Extra_Logic' from 'true' to 'false' has been ignored for IP 'axi_stream_morphing_fifo_generator_i1'
WARNING: [IP_Flow 19-3374] An attempt to modify the value of disabled parameter 'Use_Dout_Reset' from 'false' to 'true' has been ignored for IP 'axi_stream_morphing_fifo_generator_i1'
IP Repository Located at : C:/Xilinx/Vivado/2020.1/data/ip
INFO: [ProjectBase 1-489] The host OS only allows 260 characters in a normal path. The project is stored in a path with more than 80 characters. If you experience issues with IP, Block Designs, or files not being found, please consider moving the project to a location with a shorter path. Alternately consider using the OS subst command to map part of the path to a drive letter.
Current project path is 'C:/Users/Daniel/Documents/Github/315-GroupProject/Group Project/Custom Kernelisiing/netlist/ip_catalog'
Scanning sources...
Finished scanning sources
INFO: [IP_Flow 19-234] Refreshing IP repositories
INFO: [IP_Flow 19-1704] No user IP repositories specified
INFO: [IP_Flow 19-2313] Loaded Vivado IP repository 'C:/Xilinx/Vivado/2020.1/data/ip'.
Adding File c:/Users/Daniel/Documents/Github/315-GroupProject/Group Project/Custom Kernelisiing/netlist/ip_catalog/axi_stream_morphing.srcs/sources_1/ip/axi_stream_morphing_c_addsub_v12_0_i0/axi_stream_morphing_c_addsub_v12_0_i0.xci
Adding File c:/Users/Daniel/Documents/Github/315-GroupProject/Group Project/Custom Kernelisiing/netlist/ip_catalog/axi_stream_morphing.srcs/sources_1/ip/axi_stream_morphing_c_addsub_v12_0_i1/axi_stream_morphing_c_addsub_v12_0_i1.xci
Adding File c:/Users/Daniel/Documents/Github/315-GroupProject/Group Project/Custom Kernelisiing/netlist/ip_catalog/axi_stream_morphing.srcs/sources_1/ip/axi_stream_morphing_c_addsub_v12_0_i2/axi_stream_morphing_c_addsub_v12_0_i2.xci
Adding File c:/Users/Daniel/Documents/Github/315-GroupProject/Group Project/Custom Kernelisiing/netlist/ip_catalog/axi_stream_morphing.srcs/sources_1/ip/axi_stream_morphing_c_addsub_v12_0_i3/axi_stream_morphing_c_addsub_v12_0_i3.xci
Adding File c:/Users/Daniel/Documents/Github/315-GroupProject/Group Project/Custom Kernelisiing/netlist/ip_catalog/axi_stream_morphing.srcs/sources_1/ip/axi_stream_morphing_c_addsub_v12_0_i4/axi_stream_morphing_c_addsub_v12_0_i4.xci
Adding File c:/Users/Daniel/Documents/Github/315-GroupProject/Group Project/Custom Kernelisiing/netlist/ip_catalog/axi_stream_morphing.srcs/sources_1/ip/axi_stream_morphing_c_counter_binary_v12_0_i0/axi_stream_morphing_c_counter_binary_v12_0_i0.xci
Adding File c:/Users/Daniel/Documents/Github/315-GroupProject/Group Project/Custom Kernelisiing/netlist/ip_catalog/axi_stream_morphing.srcs/sources_1/ip/axi_stream_morphing_c_counter_binary_v12_0_i1/axi_stream_morphing_c_counter_binary_v12_0_i1.xci
Adding File c:/Users/Daniel/Documents/Github/315-GroupProject/Group Project/Custom Kernelisiing/netlist/ip_catalog/axi_stream_morphing.srcs/sources_1/ip/axi_stream_morphing_fifo_generator_i0/axi_stream_morphing_fifo_generator_i0.xci
Adding File c:/Users/Daniel/Documents/Github/315-GroupProject/Group Project/Custom Kernelisiing/netlist/ip_catalog/axi_stream_morphing.srcs/sources_1/ip/axi_stream_morphing_fifo_generator_i1/axi_stream_morphing_fifo_generator_i1.xci
Adding File c:/Users/Daniel/Documents/Github/315-GroupProject/Group Project/Custom Kernelisiing/netlist/ip_catalog/axi_stream_morphing.srcs/sources_1/ip/axi_stream_morphing_mult_gen_v12_0_i0/axi_stream_morphing_mult_gen_v12_0_i0.xci
Adding File c:/Users/Daniel/Documents/Github/315-GroupProject/Group Project/Custom Kernelisiing/netlist/ip_catalog/axi_stream_morphing.srcs/sources_1/ip/axi_stream_morphing_mult_gen_v12_0_i1/axi_stream_morphing_mult_gen_v12_0_i1.xci
Adding File c:/Users/Daniel/Documents/Github/315-GroupProject/Group Project/Custom Kernelisiing/netlist/ip_catalog/axi_stream_morphing.srcs/sources_1/ip/axi_stream_morphing_mult_gen_v12_0_i2/axi_stream_morphing_mult_gen_v12_0_i2.xci
Adding File c:/Users/Daniel/Documents/Github/315-GroupProject/Group Project/Custom Kernelisiing/netlist/ip_catalog/axi_stream_morphing.srcs/sources_1/ip/axi_stream_morphing_mult_gen_v12_0_i3/axi_stream_morphing_mult_gen_v12_0_i3.xci
Adding File c:/Users/Daniel/Documents/Github/315-GroupProject/Group Project/Custom Kernelisiing/netlist/ip_catalog/axi_stream_morphing.srcs/sources_1/ip/axi_stream_morphing_mult_gen_v12_0_i4/axi_stream_morphing_mult_gen_v12_0_i4.xci
ERROR: An error occurred when creating the Vivado project.
error copying "{C:/Users/Daniel/Documents/Github/315-GroupProject/Group Project/Custom Kernelisiing/netlist/sysgen/axi_stream_morphing_clock.xdc}": no such file or directory
INFO: [Common 17-206] Exiting Vivado at Fri Apr 19 16:38:04 2024...
