

================================================================
== Vitis HLS Report for 'MedianFilter'
================================================================
* Date:           Mon Apr 22 20:25:55 2024

* Version:        2020.2 (Build 3064766 on Wed Nov 18 09:12:45 MST 2020)
* Project:        hls_project
* Solution:       solution1 (Vivado IP Flow Target)
* Product family: zynq
* Target device:  xc7z020-clg400-1


================================================================
== Performance Estimates
================================================================
+ Timing: 
    * Summary: 
    +--------+----------+----------+------------+
    |  Clock |  Target  | Estimated| Uncertainty|
    +--------+----------+----------+------------+
    |ap_clk  |  10.00 ns|  7.149 ns|     2.70 ns|
    +--------+----------+----------+------------+

+ Latency: 
    * Summary: 
    +---------+---------+-----------+-----------+-----+-----+---------+
    |  Latency (cycles) |   Latency (absolute)  |  Interval | Pipeline|
    |   min   |   max   |    min    |    max    | min | max |   Type  |
    +---------+---------+-----------+-----------+-----+-----+---------+
    |        3|        3|  30.000 ns|  30.000 ns|    1|    1|      yes|
    +---------+---------+-----------+-----------+-----+-----+---------+

    + Detail: 
        * Instance: 
        N/A

        * Loop: 
        N/A



================================================================
== Utilization Estimates
================================================================
* Summary: 
+-----------------+---------+-----+--------+-------+-----+
|       Name      | BRAM_18K| DSP |   FF   |  LUT  | URAM|
+-----------------+---------+-----+--------+-------+-----+
|DSP              |        -|    -|       -|      -|    -|
|Expression       |        -|    -|       0|    451|    -|
|FIFO             |        -|    -|       -|      -|    -|
|Instance         |        -|    -|       -|      -|    -|
|Memory           |        -|    -|       -|      -|    -|
|Multiplexer      |        -|    -|       -|      -|    -|
|Register         |        -|    -|     182|      -|    -|
+-----------------+---------+-----+--------+-------+-----+
|Total            |        0|    0|     182|    451|    0|
+-----------------+---------+-----+--------+-------+-----+
|Available        |      280|  220|  106400|  53200|    0|
+-----------------+---------+-----+--------+-------+-----+
|Utilization (%)  |        0|    0|      ~0|     ~0|    0|
+-----------------+---------+-----+--------+-------+-----+

+ Detail: 
    * Instance: 
    N/A

    * DSP: 
    N/A

    * Memory: 
    N/A

    * FIFO: 
    N/A

    * Expression: 
    +-------------------------+----------+----+---+----+------------+------------+
    |      Variable Name      | Operation| DSP| FF| LUT| Bitwidth P0| Bitwidth P1|
    +-------------------------+----------+----+---+----+------------+------------+
    |icmp_ln10_1_fu_149_p2    |      icmp|   0|  0|  11|           8|           8|
    |icmp_ln10_2_fu_171_p2    |      icmp|   0|  0|  11|           8|           8|
    |icmp_ln10_fu_127_p2      |      icmp|   0|  0|  11|           8|           8|
    |icmp_ln11_1_fu_215_p2    |      icmp|   0|  0|  11|           8|           8|
    |icmp_ln11_2_fu_237_p2    |      icmp|   0|  0|  11|           8|           8|
    |icmp_ln11_fu_193_p2      |      icmp|   0|  0|  11|           8|           8|
    |icmp_ln12_1_fu_259_p2    |      icmp|   0|  0|  11|           8|           8|
    |icmp_ln12_2_fu_265_p2    |      icmp|   0|  0|  11|           8|           8|
    |icmp_ln12_fu_271_p2      |      icmp|   0|  0|  11|           8|           8|
    |icmp_ln13_1_fu_317_p2    |      icmp|   0|  0|  11|           8|           8|
    |icmp_ln13_2_fu_331_p2    |      icmp|   0|  0|  11|           8|           8|
    |icmp_ln13_fu_307_p2      |      icmp|   0|  0|  11|           8|           8|
    |icmp_ln14_1_fu_365_p2    |      icmp|   0|  0|  11|           8|           8|
    |icmp_ln14_2_fu_379_p2    |      icmp|   0|  0|  11|           8|           8|
    |icmp_ln14_fu_353_p2      |      icmp|   0|  0|  11|           8|           8|
    |icmp_ln15_1_fu_403_p2    |      icmp|   0|  0|  11|           8|           8|
    |icmp_ln15_2_fu_422_p2    |      icmp|   0|  0|  11|           8|           8|
    |icmp_ln15_fu_393_p2      |      icmp|   0|  0|  11|           8|           8|
    |icmp_ln16_fu_432_p2      |      icmp|   0|  0|  11|           8|           8|
    |V                        |    select|   0|  0|   8|           1|           8|
    |select_ln10_1_fu_141_p3  |    select|   0|  0|   8|           1|           8|
    |select_ln10_2_fu_155_p3  |    select|   0|  0|   8|           1|           8|
    |select_ln10_3_fu_163_p3  |    select|   0|  0|   8|           1|           8|
    |select_ln10_4_fu_177_p3  |    select|   0|  0|   8|           1|           8|
    |select_ln10_5_fu_185_p3  |    select|   0|  0|   8|           1|           8|
    |select_ln10_fu_133_p3    |    select|   0|  0|   8|           1|           8|
    |select_ln11_3_fu_243_p3  |    select|   0|  0|   8|           1|           8|
    |select_ln11_fu_221_p3    |    select|   0|  0|   8|           1|           8|
    |select_ln12_2_fu_302_p3  |    select|   0|  0|   8|           1|           8|
    |select_ln12_fu_297_p3    |    select|   0|  0|   8|           1|           8|
    |select_ln13_1_fu_337_p3  |    select|   0|  0|   8|           1|           8|
    |select_ln13_2_fu_345_p3  |    select|   0|  0|   8|           1|           8|
    |select_ln13_fu_323_p3    |    select|   0|  0|   8|           1|           8|
    |select_ln14_fu_385_p3    |    select|   0|  0|   8|           1|           8|
    |select_ln15_1_fu_415_p3  |    select|   0|  0|   8|           1|           8|
    |select_ln15_fu_408_p3    |    select|   0|  0|   8|           1|           8|
    |temp_10_fu_358_p3        |    select|   0|  0|   8|           1|           8|
    |temp_11_fu_371_p3        |    select|   0|  0|   8|           1|           8|
    |temp_12_fu_397_p3        |    select|   0|  0|   8|           1|           8|
    |temp_13_fu_426_p3        |    select|   0|  0|   8|           1|           8|
    |temp_1_fu_199_p3         |    select|   0|  0|   8|           1|           8|
    |temp_2_fu_207_p3         |    select|   0|  0|   8|           1|           8|
    |temp_3_fu_229_p3         |    select|   0|  0|   8|           1|           8|
    |temp_4_fu_251_p3         |    select|   0|  0|   8|           1|           8|
    |temp_5_fu_275_p3         |    select|   0|  0|   8|           1|           8|
    |temp_6_fu_281_p3         |    select|   0|  0|   8|           1|           8|
    |temp_7_fu_287_p3         |    select|   0|  0|   8|           1|           8|
    |temp_8_fu_292_p3         |    select|   0|  0|   8|           1|           8|
    |temp_9_fu_311_p3         |    select|   0|  0|   8|           1|           8|
    |ap_enable_pp0            |       xor|   0|  0|   2|           1|           2|
    +-------------------------+----------+----+---+----+------------+------------+
    |Total                    |          |   0|  0| 451|         183|         394|
    +-------------------------+----------+----+---+----+------------+------------+

    * Multiplexer: 
    N/A

    * Register: 
    +-------------------------------+---+----+-----+-----------+
    |              Name             | FF| LUT| Bits| Const Bits|
    +-------------------------------+---+----+-----+-----------+
    |ap_CS_fsm                      |  1|   0|    1|          0|
    |ap_enable_reg_pp0_iter1        |  1|   0|    1|          0|
    |ap_enable_reg_pp0_iter2        |  1|   0|    1|          0|
    |ap_enable_reg_pp0_iter3        |  1|   0|    1|          0|
    |icmp_ln12_1_reg_501            |  1|   0|    1|          0|
    |icmp_ln12_2_reg_507            |  1|   0|    1|          0|
    |pixelWindowBuffer_0            |  8|   0|    8|          0|
    |pixelWindowBuffer_1            |  8|   0|    8|          0|
    |pixelWindowBuffer_3            |  8|   0|    8|          0|
    |pixelWindowBuffer_4            |  8|   0|    8|          0|
    |pixelWindowBuffer_6            |  8|   0|    8|          0|
    |pixelWindowBuffer_7            |  8|   0|    8|          0|
    |select_ln10_2_reg_452          |  8|   0|    8|          0|
    |select_ln10_4_reg_458          |  8|   0|    8|          0|
    |select_ln10_reg_445            |  8|   0|    8|          0|
    |select_ln11_3_reg_489          |  8|   0|    8|          0|
    |select_ln11_reg_477            |  8|   0|    8|          0|
    |select_ln13_1_reg_513          |  8|   0|    8|          0|
    |select_ln14_reg_531            |  8|   0|    8|          0|
    |select_ln15_1_reg_544          |  8|   0|    8|          0|
    |select_ln15_reg_538            |  8|   0|    8|          0|
    |temp_10_reg_519                |  8|   0|    8|          0|
    |temp_10_reg_519_pp0_iter2_reg  |  8|   0|    8|          0|
    |temp_11_reg_525                |  8|   0|    8|          0|
    |temp_1_reg_464                 |  8|   0|    8|          0|
    |temp_2_reg_470                 |  8|   0|    8|          0|
    |temp_3_reg_483                 |  8|   0|    8|          0|
    |temp_4_reg_495                 |  8|   0|    8|          0|
    +-------------------------------+---+----+-----+-----------+
    |Total                          |182|   0|  182|          0|
    +-------------------------------+---+----+-----+-----------+



================================================================
== Interface
================================================================
* Summary: 
+----------+-----+-----+------------+--------------+--------------+
| RTL Ports| Dir | Bits|  Protocol  | Source Object|    C Type    |
+----------+-----+-----+------------+--------------+--------------+
|ap_clk    |   in|    1|  ap_ctrl_hs|  MedianFilter|  return value|
|ap_rst    |   in|    1|  ap_ctrl_hs|  MedianFilter|  return value|
|ap_start  |   in|    1|  ap_ctrl_hs|  MedianFilter|  return value|
|ap_done   |  out|    1|  ap_ctrl_hs|  MedianFilter|  return value|
|ap_idle   |  out|    1|  ap_ctrl_hs|  MedianFilter|  return value|
|ap_ready  |  out|    1|  ap_ctrl_hs|  MedianFilter|  return value|
|row1      |   in|    8|     ap_none|          row1|        scalar|
|row2      |   in|    8|     ap_none|          row2|        scalar|
|row3      |   in|    8|     ap_none|          row3|        scalar|
|V         |  out|    8|      ap_vld|             V|       pointer|
|V_ap_vld  |  out|    1|      ap_vld|             V|       pointer|
+----------+-----+-----+------------+--------------+--------------+

============================================================
+ Verbose Summary: Synthesis Manager
============================================================
InlineROM: 1
ExposeGlobal: 0
============================================================
+ Verbose Summary: CDFG Model
============================================================
IsTopModel: 1
ResetActiveHigh: 1
IsCombinational: 2
IsDatapathOnly: 2
HasWiredReturn: 1
HasMFsm: 2
HasVarLatency: 0
IsPipeline: 1
IsRtlPipelined: 1
IsInstanceOverlapped: 0
IsDontTouch: 0
HasImplIP: 0
IsGatedGlobalClock: 0

+ Individual pipeline summary: 
  * Pipeline-0: initiation interval (II) = 1, depth = 4


============================================================
+ Verbose Summary: Schedule
============================================================
* Number of FSM states : 4
* Pipeline : 1
  Pipeline-0 : II = 1, D = 4, States = { 1 2 3 4 }
* Dataflow Pipeline: 0

* FSM state transitions: 
1 --> 2 
2 --> 3 
3 --> 4 
4 --> 

* FSM state operations: 

State 1 <SV = 0> <Delay = 7.14>
ST_1 : Operation 5 [1/1] (0.00ns)   --->   "%row3_read = read i8 @_ssdm_op_Read.ap_auto.i8, i8 %row3" [MedianFilter.cpp:43]   --->   Operation 5 'read' 'row3_read' <Predicate = true> <Delay = 0.00>
ST_1 : Operation 6 [1/1] (0.00ns)   --->   "%row2_read = read i8 @_ssdm_op_Read.ap_auto.i8, i8 %row2" [MedianFilter.cpp:43]   --->   Operation 6 'read' 'row2_read' <Predicate = true> <Delay = 0.00>
ST_1 : Operation 7 [1/1] (0.00ns)   --->   "%row1_read = read i8 @_ssdm_op_Read.ap_auto.i8, i8 %row1" [MedianFilter.cpp:43]   --->   Operation 7 'read' 'row1_read' <Predicate = true> <Delay = 0.00>
ST_1 : Operation 8 [1/1] (0.00ns)   --->   "%sortBuffer_2 = load i8 %pixelWindowBuffer_1" [MedianFilter.cpp:58]   --->   Operation 8 'load' 'sortBuffer_2' <Predicate = true> <Delay = 0.00>
ST_1 : Operation 9 [1/1] (0.00ns)   --->   "%sortBuffer_1 = load i8 %pixelWindowBuffer_0" [MedianFilter.cpp:58]   --->   Operation 9 'load' 'sortBuffer_1' <Predicate = true> <Delay = 0.00>
ST_1 : Operation 10 [1/1] (0.00ns)   --->   "%store_ln58 = store i8 %sortBuffer_1, i8 %pixelWindowBuffer_1" [MedianFilter.cpp:58]   --->   Operation 10 'store' 'store_ln58' <Predicate = true> <Delay = 0.00>
ST_1 : Operation 11 [1/1] (0.00ns)   --->   "%sortBuffer_5 = load i8 %pixelWindowBuffer_4" [MedianFilter.cpp:58]   --->   Operation 11 'load' 'sortBuffer_5' <Predicate = true> <Delay = 0.00>
ST_1 : Operation 12 [1/1] (0.00ns)   --->   "%sortBuffer_4 = load i8 %pixelWindowBuffer_3" [MedianFilter.cpp:58]   --->   Operation 12 'load' 'sortBuffer_4' <Predicate = true> <Delay = 0.00>
ST_1 : Operation 13 [1/1] (0.00ns)   --->   "%store_ln58 = store i8 %sortBuffer_4, i8 %pixelWindowBuffer_4" [MedianFilter.cpp:58]   --->   Operation 13 'store' 'store_ln58' <Predicate = true> <Delay = 0.00>
ST_1 : Operation 14 [1/1] (0.00ns)   --->   "%sortBuffer_8 = load i8 %pixelWindowBuffer_7" [MedianFilter.cpp:58]   --->   Operation 14 'load' 'sortBuffer_8' <Predicate = true> <Delay = 0.00>
ST_1 : Operation 15 [1/1] (0.00ns)   --->   "%sortBuffer_7 = load i8 %pixelWindowBuffer_6" [MedianFilter.cpp:58]   --->   Operation 15 'load' 'sortBuffer_7' <Predicate = true> <Delay = 0.00>
ST_1 : Operation 16 [1/1] (0.00ns)   --->   "%store_ln58 = store i8 %sortBuffer_7, i8 %pixelWindowBuffer_7" [MedianFilter.cpp:58]   --->   Operation 16 'store' 'store_ln58' <Predicate = true> <Delay = 0.00>
ST_1 : Operation 17 [1/1] (0.00ns)   --->   "%store_ln65 = store i8 %row1_read, i8 %pixelWindowBuffer_0" [MedianFilter.cpp:65]   --->   Operation 17 'store' 'store_ln65' <Predicate = true> <Delay = 0.00>
ST_1 : Operation 18 [1/1] (0.00ns)   --->   "%store_ln66 = store i8 %row2_read, i8 %pixelWindowBuffer_3" [MedianFilter.cpp:66]   --->   Operation 18 'store' 'store_ln66' <Predicate = true> <Delay = 0.00>
ST_1 : Operation 19 [1/1] (0.00ns)   --->   "%store_ln67 = store i8 %row3_read, i8 %pixelWindowBuffer_6" [MedianFilter.cpp:67]   --->   Operation 19 'store' 'store_ln67' <Predicate = true> <Delay = 0.00>
ST_1 : Operation 20 [1/1] (1.55ns)   --->   "%icmp_ln10 = icmp_ugt  i8 %sortBuffer_1, i8 %sortBuffer_2" [MedianFilter.cpp:10->MedianFilter.cpp:73]   --->   Operation 20 'icmp' 'icmp_ln10' <Predicate = true> <Delay = 1.55> <CoreInst = "Cmp">   --->   Core 9 'Cmp' <Latency = 0> <II = 1> <Delay = 1.55> <FuncUnit> <Opcode : 'icmp'> <InPorts = 2> <OutPorts = 1>
ST_1 : Operation 21 [1/1] (1.24ns)   --->   "%select_ln10 = select i1 %icmp_ln10, i8 %sortBuffer_1, i8 %sortBuffer_2" [MedianFilter.cpp:10->MedianFilter.cpp:73]   --->   Operation 21 'select' 'select_ln10' <Predicate = true> <Delay = 1.24> <CoreInst = "Sel">   --->   Core 73 'Sel' <Latency = 0> <II = 1> <Delay = 1.24> <FuncUnit> <Opcode : 'select'> <InPorts = 3> <OutPorts = 1>
ST_1 : Operation 22 [1/1] (1.24ns)   --->   "%select_ln10_1 = select i1 %icmp_ln10, i8 %sortBuffer_2, i8 %sortBuffer_1" [MedianFilter.cpp:10->MedianFilter.cpp:73]   --->   Operation 22 'select' 'select_ln10_1' <Predicate = true> <Delay = 1.24> <CoreInst = "Sel">   --->   Core 73 'Sel' <Latency = 0> <II = 1> <Delay = 1.24> <FuncUnit> <Opcode : 'select'> <InPorts = 3> <OutPorts = 1>
ST_1 : Operation 23 [1/1] (1.55ns)   --->   "%icmp_ln10_1 = icmp_ugt  i8 %sortBuffer_4, i8 %sortBuffer_5" [MedianFilter.cpp:10->MedianFilter.cpp:73]   --->   Operation 23 'icmp' 'icmp_ln10_1' <Predicate = true> <Delay = 1.55> <CoreInst = "Cmp">   --->   Core 9 'Cmp' <Latency = 0> <II = 1> <Delay = 1.55> <FuncUnit> <Opcode : 'icmp'> <InPorts = 2> <OutPorts = 1>
ST_1 : Operation 24 [1/1] (1.24ns)   --->   "%select_ln10_2 = select i1 %icmp_ln10_1, i8 %sortBuffer_4, i8 %sortBuffer_5" [MedianFilter.cpp:10->MedianFilter.cpp:73]   --->   Operation 24 'select' 'select_ln10_2' <Predicate = true> <Delay = 1.24> <CoreInst = "Sel">   --->   Core 73 'Sel' <Latency = 0> <II = 1> <Delay = 1.24> <FuncUnit> <Opcode : 'select'> <InPorts = 3> <OutPorts = 1>
ST_1 : Operation 25 [1/1] (1.24ns)   --->   "%select_ln10_3 = select i1 %icmp_ln10_1, i8 %sortBuffer_5, i8 %sortBuffer_4" [MedianFilter.cpp:10->MedianFilter.cpp:73]   --->   Operation 25 'select' 'select_ln10_3' <Predicate = true> <Delay = 1.24> <CoreInst = "Sel">   --->   Core 73 'Sel' <Latency = 0> <II = 1> <Delay = 1.24> <FuncUnit> <Opcode : 'select'> <InPorts = 3> <OutPorts = 1>
ST_1 : Operation 26 [1/1] (1.55ns)   --->   "%icmp_ln10_2 = icmp_ugt  i8 %sortBuffer_7, i8 %sortBuffer_8" [MedianFilter.cpp:10->MedianFilter.cpp:73]   --->   Operation 26 'icmp' 'icmp_ln10_2' <Predicate = true> <Delay = 1.55> <CoreInst = "Cmp">   --->   Core 9 'Cmp' <Latency = 0> <II = 1> <Delay = 1.55> <FuncUnit> <Opcode : 'icmp'> <InPorts = 2> <OutPorts = 1>
ST_1 : Operation 27 [1/1] (1.24ns)   --->   "%select_ln10_4 = select i1 %icmp_ln10_2, i8 %sortBuffer_7, i8 %sortBuffer_8" [MedianFilter.cpp:10->MedianFilter.cpp:73]   --->   Operation 27 'select' 'select_ln10_4' <Predicate = true> <Delay = 1.24> <CoreInst = "Sel">   --->   Core 73 'Sel' <Latency = 0> <II = 1> <Delay = 1.24> <FuncUnit> <Opcode : 'select'> <InPorts = 3> <OutPorts = 1>
ST_1 : Operation 28 [1/1] (1.24ns)   --->   "%select_ln10_5 = select i1 %icmp_ln10_2, i8 %sortBuffer_8, i8 %sortBuffer_7" [MedianFilter.cpp:10->MedianFilter.cpp:73]   --->   Operation 28 'select' 'select_ln10_5' <Predicate = true> <Delay = 1.24> <CoreInst = "Sel">   --->   Core 73 'Sel' <Latency = 0> <II = 1> <Delay = 1.24> <FuncUnit> <Opcode : 'select'> <InPorts = 3> <OutPorts = 1>
ST_1 : Operation 29 [1/1] (1.55ns)   --->   "%icmp_ln11 = icmp_ult  i8 %select_ln10_1, i8 %row1_read" [MedianFilter.cpp:11->MedianFilter.cpp:73]   --->   Operation 29 'icmp' 'icmp_ln11' <Predicate = true> <Delay = 1.55> <CoreInst = "Cmp">   --->   Core 9 'Cmp' <Latency = 0> <II = 1> <Delay = 1.55> <FuncUnit> <Opcode : 'icmp'> <InPorts = 2> <OutPorts = 1>
ST_1 : Operation 30 [1/1] (1.24ns)   --->   "%temp_1 = select i1 %icmp_ln11, i8 %select_ln10_1, i8 %row1_read" [MedianFilter.cpp:11->MedianFilter.cpp:73]   --->   Operation 30 'select' 'temp_1' <Predicate = true> <Delay = 1.24> <CoreInst = "Sel">   --->   Core 73 'Sel' <Latency = 0> <II = 1> <Delay = 1.24> <FuncUnit> <Opcode : 'select'> <InPorts = 3> <OutPorts = 1>
ST_1 : Operation 31 [1/1] (1.24ns)   --->   "%temp_2 = select i1 %icmp_ln11, i8 %row1_read, i8 %select_ln10_1" [MedianFilter.cpp:11->MedianFilter.cpp:73]   --->   Operation 31 'select' 'temp_2' <Predicate = true> <Delay = 1.24> <CoreInst = "Sel">   --->   Core 73 'Sel' <Latency = 0> <II = 1> <Delay = 1.24> <FuncUnit> <Opcode : 'select'> <InPorts = 3> <OutPorts = 1>
ST_1 : Operation 32 [1/1] (1.55ns)   --->   "%icmp_ln11_1 = icmp_ult  i8 %select_ln10_3, i8 %row2_read" [MedianFilter.cpp:11->MedianFilter.cpp:73]   --->   Operation 32 'icmp' 'icmp_ln11_1' <Predicate = true> <Delay = 1.55> <CoreInst = "Cmp">   --->   Core 9 'Cmp' <Latency = 0> <II = 1> <Delay = 1.55> <FuncUnit> <Opcode : 'icmp'> <InPorts = 2> <OutPorts = 1>
ST_1 : Operation 33 [1/1] (1.24ns)   --->   "%select_ln11 = select i1 %icmp_ln11_1, i8 %select_ln10_3, i8 %row2_read" [MedianFilter.cpp:11->MedianFilter.cpp:73]   --->   Operation 33 'select' 'select_ln11' <Predicate = true> <Delay = 1.24> <CoreInst = "Sel">   --->   Core 73 'Sel' <Latency = 0> <II = 1> <Delay = 1.24> <FuncUnit> <Opcode : 'select'> <InPorts = 3> <OutPorts = 1>
ST_1 : Operation 34 [1/1] (1.24ns)   --->   "%temp_3 = select i1 %icmp_ln11_1, i8 %row2_read, i8 %select_ln10_3" [MedianFilter.cpp:11->MedianFilter.cpp:73]   --->   Operation 34 'select' 'temp_3' <Predicate = true> <Delay = 1.24> <CoreInst = "Sel">   --->   Core 73 'Sel' <Latency = 0> <II = 1> <Delay = 1.24> <FuncUnit> <Opcode : 'select'> <InPorts = 3> <OutPorts = 1>
ST_1 : Operation 35 [1/1] (1.55ns)   --->   "%icmp_ln11_2 = icmp_ult  i8 %select_ln10_5, i8 %row3_read" [MedianFilter.cpp:11->MedianFilter.cpp:73]   --->   Operation 35 'icmp' 'icmp_ln11_2' <Predicate = true> <Delay = 1.55> <CoreInst = "Cmp">   --->   Core 9 'Cmp' <Latency = 0> <II = 1> <Delay = 1.55> <FuncUnit> <Opcode : 'icmp'> <InPorts = 2> <OutPorts = 1>
ST_1 : Operation 36 [1/1] (1.24ns)   --->   "%select_ln11_3 = select i1 %icmp_ln11_2, i8 %select_ln10_5, i8 %row3_read" [MedianFilter.cpp:11->MedianFilter.cpp:73]   --->   Operation 36 'select' 'select_ln11_3' <Predicate = true> <Delay = 1.24> <CoreInst = "Sel">   --->   Core 73 'Sel' <Latency = 0> <II = 1> <Delay = 1.24> <FuncUnit> <Opcode : 'select'> <InPorts = 3> <OutPorts = 1>
ST_1 : Operation 37 [1/1] (1.24ns)   --->   "%temp_4 = select i1 %icmp_ln11_2, i8 %row3_read, i8 %select_ln10_5" [MedianFilter.cpp:11->MedianFilter.cpp:73]   --->   Operation 37 'select' 'temp_4' <Predicate = true> <Delay = 1.24> <CoreInst = "Sel">   --->   Core 73 'Sel' <Latency = 0> <II = 1> <Delay = 1.24> <FuncUnit> <Opcode : 'select'> <InPorts = 3> <OutPorts = 1>
ST_1 : Operation 38 [1/1] (1.55ns)   --->   "%icmp_ln12_1 = icmp_ugt  i8 %temp_3, i8 %select_ln10_2" [MedianFilter.cpp:12->MedianFilter.cpp:73]   --->   Operation 38 'icmp' 'icmp_ln12_1' <Predicate = true> <Delay = 1.55> <CoreInst = "Cmp">   --->   Core 9 'Cmp' <Latency = 0> <II = 1> <Delay = 1.55> <FuncUnit> <Opcode : 'icmp'> <InPorts = 2> <OutPorts = 1>
ST_1 : Operation 39 [1/1] (1.55ns)   --->   "%icmp_ln12_2 = icmp_ugt  i8 %temp_4, i8 %select_ln10_4" [MedianFilter.cpp:12->MedianFilter.cpp:73]   --->   Operation 39 'icmp' 'icmp_ln12_2' <Predicate = true> <Delay = 1.55> <CoreInst = "Cmp">   --->   Core 9 'Cmp' <Latency = 0> <II = 1> <Delay = 1.55> <FuncUnit> <Opcode : 'icmp'> <InPorts = 2> <OutPorts = 1>

State 2 <SV = 1> <Delay = 6.84>
ST_2 : Operation 40 [1/1] (1.55ns)   --->   "%icmp_ln12 = icmp_ugt  i8 %temp_2, i8 %select_ln10" [MedianFilter.cpp:12->MedianFilter.cpp:73]   --->   Operation 40 'icmp' 'icmp_ln12' <Predicate = true> <Delay = 1.55> <CoreInst = "Cmp">   --->   Core 9 'Cmp' <Latency = 0> <II = 1> <Delay = 1.55> <FuncUnit> <Opcode : 'icmp'> <InPorts = 2> <OutPorts = 1>
ST_2 : Operation 41 [1/1] (1.24ns)   --->   "%temp_5 = select i1 %icmp_ln12, i8 %temp_2, i8 %select_ln10" [MedianFilter.cpp:12->MedianFilter.cpp:73]   --->   Operation 41 'select' 'temp_5' <Predicate = true> <Delay = 1.24> <CoreInst = "Sel">   --->   Core 73 'Sel' <Latency = 0> <II = 1> <Delay = 1.24> <FuncUnit> <Opcode : 'select'> <InPorts = 3> <OutPorts = 1>
ST_2 : Operation 42 [1/1] (1.24ns)   --->   "%temp_6 = select i1 %icmp_ln12, i8 %select_ln10, i8 %temp_2" [MedianFilter.cpp:12->MedianFilter.cpp:73]   --->   Operation 42 'select' 'temp_6' <Predicate = true> <Delay = 1.24> <CoreInst = "Sel">   --->   Core 73 'Sel' <Latency = 0> <II = 1> <Delay = 1.24> <FuncUnit> <Opcode : 'select'> <InPorts = 3> <OutPorts = 1>
ST_2 : Operation 43 [1/1] (1.24ns)   --->   "%temp_7 = select i1 %icmp_ln12_1, i8 %select_ln10_2, i8 %temp_3" [MedianFilter.cpp:12->MedianFilter.cpp:73]   --->   Operation 43 'select' 'temp_7' <Predicate = true> <Delay = 1.24> <CoreInst = "Sel">   --->   Core 73 'Sel' <Latency = 0> <II = 1> <Delay = 1.24> <FuncUnit> <Opcode : 'select'> <InPorts = 3> <OutPorts = 1>
ST_2 : Operation 44 [1/1] (1.24ns)   --->   "%temp_8 = select i1 %icmp_ln12_1, i8 %temp_3, i8 %select_ln10_2" [MedianFilter.cpp:12->MedianFilter.cpp:73]   --->   Operation 44 'select' 'temp_8' <Predicate = true> <Delay = 1.24> <CoreInst = "Sel">   --->   Core 73 'Sel' <Latency = 0> <II = 1> <Delay = 1.24> <FuncUnit> <Opcode : 'select'> <InPorts = 3> <OutPorts = 1>
ST_2 : Operation 45 [1/1] (1.24ns)   --->   "%select_ln12 = select i1 %icmp_ln12_2, i8 %select_ln10_4, i8 %temp_4" [MedianFilter.cpp:12->MedianFilter.cpp:73]   --->   Operation 45 'select' 'select_ln12' <Predicate = true> <Delay = 1.24> <CoreInst = "Sel">   --->   Core 73 'Sel' <Latency = 0> <II = 1> <Delay = 1.24> <FuncUnit> <Opcode : 'select'> <InPorts = 3> <OutPorts = 1>
ST_2 : Operation 46 [1/1] (1.24ns)   --->   "%select_ln12_2 = select i1 %icmp_ln12_2, i8 %temp_4, i8 %select_ln10_4" [MedianFilter.cpp:12->MedianFilter.cpp:73]   --->   Operation 46 'select' 'select_ln12_2' <Predicate = true> <Delay = 1.24> <CoreInst = "Sel">   --->   Core 73 'Sel' <Latency = 0> <II = 1> <Delay = 1.24> <FuncUnit> <Opcode : 'select'> <InPorts = 3> <OutPorts = 1>
ST_2 : Operation 47 [1/1] (1.55ns)   --->   "%icmp_ln13 = icmp_ugt  i8 %temp_1, i8 %select_ln11" [MedianFilter.cpp:13->MedianFilter.cpp:73]   --->   Operation 47 'icmp' 'icmp_ln13' <Predicate = true> <Delay = 1.55> <CoreInst = "Cmp">   --->   Core 9 'Cmp' <Latency = 0> <II = 1> <Delay = 1.55> <FuncUnit> <Opcode : 'icmp'> <InPorts = 2> <OutPorts = 1>
ST_2 : Operation 48 [1/1] (1.24ns)   --->   "%temp_9 = select i1 %icmp_ln13, i8 %temp_1, i8 %select_ln11" [MedianFilter.cpp:13->MedianFilter.cpp:73]   --->   Operation 48 'select' 'temp_9' <Predicate = true> <Delay = 1.24> <CoreInst = "Sel">   --->   Core 73 'Sel' <Latency = 0> <II = 1> <Delay = 1.24> <FuncUnit> <Opcode : 'select'> <InPorts = 3> <OutPorts = 1>
ST_2 : Operation 49 [1/1] (1.55ns)   --->   "%icmp_ln13_1 = icmp_ugt  i8 %temp_8, i8 %select_ln12_2" [MedianFilter.cpp:13->MedianFilter.cpp:73]   --->   Operation 49 'icmp' 'icmp_ln13_1' <Predicate = true> <Delay = 1.55> <CoreInst = "Cmp">   --->   Core 9 'Cmp' <Latency = 0> <II = 1> <Delay = 1.55> <FuncUnit> <Opcode : 'icmp'> <InPorts = 2> <OutPorts = 1>
ST_2 : Operation 50 [1/1] (1.24ns)   --->   "%select_ln13 = select i1 %icmp_ln13_1, i8 %select_ln12_2, i8 %temp_8" [MedianFilter.cpp:13->MedianFilter.cpp:73]   --->   Operation 50 'select' 'select_ln13' <Predicate = true> <Delay = 1.24> <CoreInst = "Sel">   --->   Core 73 'Sel' <Latency = 0> <II = 1> <Delay = 1.24> <FuncUnit> <Opcode : 'select'> <InPorts = 3> <OutPorts = 1>
ST_2 : Operation 51 [1/1] (1.55ns)   --->   "%icmp_ln13_2 = icmp_ugt  i8 %temp_7, i8 %select_ln12" [MedianFilter.cpp:13->MedianFilter.cpp:73]   --->   Operation 51 'icmp' 'icmp_ln13_2' <Predicate = true> <Delay = 1.55> <CoreInst = "Cmp">   --->   Core 9 'Cmp' <Latency = 0> <II = 1> <Delay = 1.55> <FuncUnit> <Opcode : 'icmp'> <InPorts = 2> <OutPorts = 1>
ST_2 : Operation 52 [1/1] (1.24ns)   --->   "%select_ln13_1 = select i1 %icmp_ln13_2, i8 %temp_7, i8 %select_ln12" [MedianFilter.cpp:13->MedianFilter.cpp:73]   --->   Operation 52 'select' 'select_ln13_1' <Predicate = true> <Delay = 1.24> <CoreInst = "Sel">   --->   Core 73 'Sel' <Latency = 0> <II = 1> <Delay = 1.24> <FuncUnit> <Opcode : 'select'> <InPorts = 3> <OutPorts = 1>
ST_2 : Operation 53 [1/1] (1.24ns)   --->   "%select_ln13_2 = select i1 %icmp_ln13_2, i8 %select_ln12, i8 %temp_7" [MedianFilter.cpp:13->MedianFilter.cpp:73]   --->   Operation 53 'select' 'select_ln13_2' <Predicate = true> <Delay = 1.24> <CoreInst = "Sel">   --->   Core 73 'Sel' <Latency = 0> <II = 1> <Delay = 1.24> <FuncUnit> <Opcode : 'select'> <InPorts = 3> <OutPorts = 1>
ST_2 : Operation 54 [1/1] (1.55ns)   --->   "%icmp_ln14 = icmp_ugt  i8 %temp_9, i8 %select_ln11_3" [MedianFilter.cpp:14->MedianFilter.cpp:73]   --->   Operation 54 'icmp' 'icmp_ln14' <Predicate = true> <Delay = 1.55> <CoreInst = "Cmp">   --->   Core 9 'Cmp' <Latency = 0> <II = 1> <Delay = 1.55> <FuncUnit> <Opcode : 'icmp'> <InPorts = 2> <OutPorts = 1>
ST_2 : Operation 55 [1/1] (1.24ns)   --->   "%temp_10 = select i1 %icmp_ln14, i8 %temp_9, i8 %select_ln11_3" [MedianFilter.cpp:14->MedianFilter.cpp:73]   --->   Operation 55 'select' 'temp_10' <Predicate = true> <Delay = 1.24> <CoreInst = "Sel">   --->   Core 73 'Sel' <Latency = 0> <II = 1> <Delay = 1.24> <FuncUnit> <Opcode : 'select'> <InPorts = 3> <OutPorts = 1>
ST_2 : Operation 56 [1/1] (1.55ns)   --->   "%icmp_ln14_1 = icmp_ugt  i8 %temp_6, i8 %select_ln13_2" [MedianFilter.cpp:14->MedianFilter.cpp:73]   --->   Operation 56 'icmp' 'icmp_ln14_1' <Predicate = true> <Delay = 1.55> <CoreInst = "Cmp">   --->   Core 9 'Cmp' <Latency = 0> <II = 1> <Delay = 1.55> <FuncUnit> <Opcode : 'icmp'> <InPorts = 2> <OutPorts = 1>
ST_2 : Operation 57 [1/1] (1.24ns)   --->   "%temp_11 = select i1 %icmp_ln14_1, i8 %temp_6, i8 %select_ln13_2" [MedianFilter.cpp:14->MedianFilter.cpp:73]   --->   Operation 57 'select' 'temp_11' <Predicate = true> <Delay = 1.24> <CoreInst = "Sel">   --->   Core 73 'Sel' <Latency = 0> <II = 1> <Delay = 1.24> <FuncUnit> <Opcode : 'select'> <InPorts = 3> <OutPorts = 1>
ST_2 : Operation 58 [1/1] (1.55ns)   --->   "%icmp_ln14_2 = icmp_ugt  i8 %temp_5, i8 %select_ln13" [MedianFilter.cpp:14->MedianFilter.cpp:73]   --->   Operation 58 'icmp' 'icmp_ln14_2' <Predicate = true> <Delay = 1.55> <CoreInst = "Cmp">   --->   Core 9 'Cmp' <Latency = 0> <II = 1> <Delay = 1.55> <FuncUnit> <Opcode : 'icmp'> <InPorts = 2> <OutPorts = 1>
ST_2 : Operation 59 [1/1] (1.24ns)   --->   "%select_ln14 = select i1 %icmp_ln14_2, i8 %select_ln13, i8 %temp_5" [MedianFilter.cpp:14->MedianFilter.cpp:73]   --->   Operation 59 'select' 'select_ln14' <Predicate = true> <Delay = 1.24> <CoreInst = "Sel">   --->   Core 73 'Sel' <Latency = 0> <II = 1> <Delay = 1.24> <FuncUnit> <Opcode : 'select'> <InPorts = 3> <OutPorts = 1>

State 3 <SV = 2> <Delay = 5.59>
ST_3 : Operation 60 [1/1] (1.55ns)   --->   "%icmp_ln15 = icmp_ugt  i8 %temp_11, i8 %select_ln13_1" [MedianFilter.cpp:15->MedianFilter.cpp:73]   --->   Operation 60 'icmp' 'icmp_ln15' <Predicate = true> <Delay = 1.55> <CoreInst = "Cmp">   --->   Core 9 'Cmp' <Latency = 0> <II = 1> <Delay = 1.55> <FuncUnit> <Opcode : 'icmp'> <InPorts = 2> <OutPorts = 1>
ST_3 : Operation 61 [1/1] (1.24ns)   --->   "%temp_12 = select i1 %icmp_ln15, i8 %select_ln13_1, i8 %temp_11" [MedianFilter.cpp:15->MedianFilter.cpp:73]   --->   Operation 61 'select' 'temp_12' <Predicate = true> <Delay = 1.24> <CoreInst = "Sel">   --->   Core 73 'Sel' <Latency = 0> <II = 1> <Delay = 1.24> <FuncUnit> <Opcode : 'select'> <InPorts = 3> <OutPorts = 1>
ST_3 : Operation 62 [1/1] (1.55ns)   --->   "%icmp_ln15_1 = icmp_ugt  i8 %temp_12, i8 %select_ln14" [MedianFilter.cpp:15->MedianFilter.cpp:73]   --->   Operation 62 'icmp' 'icmp_ln15_1' <Predicate = true> <Delay = 1.55> <CoreInst = "Cmp">   --->   Core 9 'Cmp' <Latency = 0> <II = 1> <Delay = 1.55> <FuncUnit> <Opcode : 'icmp'> <InPorts = 2> <OutPorts = 1>
ST_3 : Operation 63 [1/1] (1.24ns)   --->   "%select_ln15 = select i1 %icmp_ln15_1, i8 %temp_12, i8 %select_ln14" [MedianFilter.cpp:15->MedianFilter.cpp:73]   --->   Operation 63 'select' 'select_ln15' <Predicate = true> <Delay = 1.24> <CoreInst = "Sel">   --->   Core 73 'Sel' <Latency = 0> <II = 1> <Delay = 1.24> <FuncUnit> <Opcode : 'select'> <InPorts = 3> <OutPorts = 1>
ST_3 : Operation 64 [1/1] (1.24ns)   --->   "%select_ln15_1 = select i1 %icmp_ln15_1, i8 %select_ln14, i8 %temp_12" [MedianFilter.cpp:15->MedianFilter.cpp:73]   --->   Operation 64 'select' 'select_ln15_1' <Predicate = true> <Delay = 1.24> <CoreInst = "Sel">   --->   Core 73 'Sel' <Latency = 0> <II = 1> <Delay = 1.24> <FuncUnit> <Opcode : 'select'> <InPorts = 3> <OutPorts = 1>

State 4 <SV = 3> <Delay = 5.59>
ST_4 : Operation 65 [1/1] (0.00ns)   --->   "%specpipeline_ln0 = specpipeline void @_ssdm_op_SpecPipeline, i32 1, i32 0, i32 0, i32 0, void @empty_0"   --->   Operation 65 'specpipeline' 'specpipeline_ln0' <Predicate = true> <Delay = 0.00>
ST_4 : Operation 66 [1/1] (0.00ns)   --->   "%spectopmodule_ln0 = spectopmodule void @_ssdm_op_SpecTopModule, void @empty_1"   --->   Operation 66 'spectopmodule' 'spectopmodule_ln0' <Predicate = true> <Delay = 0.00>
ST_4 : Operation 67 [1/1] (0.00ns)   --->   "%specbitsmap_ln0 = specbitsmap void @_ssdm_op_SpecBitsMap, i8 %row1"   --->   Operation 67 'specbitsmap' 'specbitsmap_ln0' <Predicate = true> <Delay = 0.00>
ST_4 : Operation 68 [1/1] (0.00ns)   --->   "%specinterface_ln0 = specinterface void @_ssdm_op_SpecInterface, i8 %row1, void @empty, i32 0, i32 0, void @empty_0, i32 0, i32 0, void @empty_0, void @empty_0, void @empty_0, i32 0, i32 0, i32 0, i32 0, void @empty_0, void @empty_0"   --->   Operation 68 'specinterface' 'specinterface_ln0' <Predicate = true> <Delay = 0.00>
ST_4 : Operation 69 [1/1] (0.00ns)   --->   "%specbitsmap_ln0 = specbitsmap void @_ssdm_op_SpecBitsMap, i8 %row2"   --->   Operation 69 'specbitsmap' 'specbitsmap_ln0' <Predicate = true> <Delay = 0.00>
ST_4 : Operation 70 [1/1] (0.00ns)   --->   "%specinterface_ln0 = specinterface void @_ssdm_op_SpecInterface, i8 %row2, void @empty, i32 0, i32 0, void @empty_0, i32 0, i32 0, void @empty_0, void @empty_0, void @empty_0, i32 0, i32 0, i32 0, i32 0, void @empty_0, void @empty_0"   --->   Operation 70 'specinterface' 'specinterface_ln0' <Predicate = true> <Delay = 0.00>
ST_4 : Operation 71 [1/1] (0.00ns)   --->   "%specbitsmap_ln0 = specbitsmap void @_ssdm_op_SpecBitsMap, i8 %row3"   --->   Operation 71 'specbitsmap' 'specbitsmap_ln0' <Predicate = true> <Delay = 0.00>
ST_4 : Operation 72 [1/1] (0.00ns)   --->   "%specinterface_ln0 = specinterface void @_ssdm_op_SpecInterface, i8 %row3, void @empty, i32 0, i32 0, void @empty_0, i32 0, i32 0, void @empty_0, void @empty_0, void @empty_0, i32 0, i32 0, i32 0, i32 0, void @empty_0, void @empty_0"   --->   Operation 72 'specinterface' 'specinterface_ln0' <Predicate = true> <Delay = 0.00>
ST_4 : Operation 73 [1/1] (0.00ns)   --->   "%specbitsmap_ln0 = specbitsmap void @_ssdm_op_SpecBitsMap, i8 %V"   --->   Operation 73 'specbitsmap' 'specbitsmap_ln0' <Predicate = true> <Delay = 0.00>
ST_4 : Operation 74 [1/1] (0.00ns)   --->   "%specinterface_ln0 = specinterface void @_ssdm_op_SpecInterface, i8 %V, void @empty, i32 0, i32 0, void @empty_0, i32 0, i32 0, void @empty_0, void @empty_0, void @empty_0, i32 0, i32 0, i32 0, i32 0, void @empty_0, void @empty_0"   --->   Operation 74 'specinterface' 'specinterface_ln0' <Predicate = true> <Delay = 0.00>
ST_4 : Operation 75 [1/1] (1.55ns)   --->   "%icmp_ln15_2 = icmp_ugt  i8 %temp_10, i8 %select_ln15_1" [MedianFilter.cpp:15->MedianFilter.cpp:73]   --->   Operation 75 'icmp' 'icmp_ln15_2' <Predicate = true> <Delay = 1.55> <CoreInst = "Cmp">   --->   Core 9 'Cmp' <Latency = 0> <II = 1> <Delay = 1.55> <FuncUnit> <Opcode : 'icmp'> <InPorts = 2> <OutPorts = 1>
ST_4 : Operation 76 [1/1] (1.24ns)   --->   "%temp_13 = select i1 %icmp_ln15_2, i8 %temp_10, i8 %select_ln15_1" [MedianFilter.cpp:15->MedianFilter.cpp:73]   --->   Operation 76 'select' 'temp_13' <Predicate = true> <Delay = 1.24> <CoreInst = "Sel">   --->   Core 73 'Sel' <Latency = 0> <II = 1> <Delay = 1.24> <FuncUnit> <Opcode : 'select'> <InPorts = 3> <OutPorts = 1>
ST_4 : Operation 77 [1/1] (1.55ns)   --->   "%icmp_ln16 = icmp_ugt  i8 %temp_13, i8 %select_ln15" [MedianFilter.cpp:16->MedianFilter.cpp:73]   --->   Operation 77 'icmp' 'icmp_ln16' <Predicate = true> <Delay = 1.55> <CoreInst = "Cmp">   --->   Core 9 'Cmp' <Latency = 0> <II = 1> <Delay = 1.55> <FuncUnit> <Opcode : 'icmp'> <InPorts = 2> <OutPorts = 1>
ST_4 : Operation 78 [1/1] (1.24ns)   --->   "%select_ln16 = select i1 %icmp_ln16, i8 %select_ln15, i8 %temp_13" [MedianFilter.cpp:16->MedianFilter.cpp:73]   --->   Operation 78 'select' 'select_ln16' <Predicate = true> <Delay = 1.24> <CoreInst = "Sel">   --->   Core 73 'Sel' <Latency = 0> <II = 1> <Delay = 1.24> <FuncUnit> <Opcode : 'select'> <InPorts = 3> <OutPorts = 1>
ST_4 : Operation 79 [1/1] (0.00ns)   --->   "%write_ln73 = write void @_ssdm_op_Write.ap_auto.i8P0A, i8 %V, i8 %select_ln16" [MedianFilter.cpp:73]   --->   Operation 79 'write' 'write_ln73' <Predicate = true> <Delay = 0.00>
ST_4 : Operation 80 [1/1] (0.00ns)   --->   "%ret_ln74 = ret" [MedianFilter.cpp:74]   --->   Operation 80 'ret' 'ret_ln74' <Predicate = true> <Delay = 0.00>


============================================================
+ Verbose Summary: Binding
============================================================
STG Binding: 
---------------- STG Properties BEGIN ----------------
- Is combinational: 0
- Is one-state seq: 0
- Is datapath-only: 0
- Is pipelined: 1
- Is top level: 1
Port [ Return ] is wired: 1; IO mode=ap_ctrl_hs:ce=0
Port [ row1]:  wired=1; compound=0; hidden=0; nouse=0; global=0; static=0; extern=0; dir=0; type=0; pingpong=0; private_global=0; IO mode=ap_none:ce=0
Port [ row2]:  wired=1; compound=0; hidden=0; nouse=0; global=0; static=0; extern=0; dir=0; type=0; pingpong=0; private_global=0; IO mode=ap_none:ce=0
Port [ row3]:  wired=1; compound=0; hidden=0; nouse=0; global=0; static=0; extern=0; dir=0; type=0; pingpong=0; private_global=0; IO mode=ap_none:ce=0
Port [ V]:  wired=1; compound=0; hidden=0; nouse=0; global=0; static=0; extern=0; dir=1; type=0; pingpong=0; private_global=0; IO mode=ap_vld:ce=0
Port [ pixelWindowBuffer_1]:  wired=0; compound=0; hidden=1; nouse=0; global=1; static=1; extern=0; dir=2; type=0; pingpong=0; private_global=1; IO mode=ap_ovld:ce=0
Port [ pixelWindowBuffer_0]:  wired=0; compound=0; hidden=1; nouse=0; global=1; static=1; extern=0; dir=2; type=0; pingpong=0; private_global=1; IO mode=ap_ovld:ce=0
Port [ pixelWindowBuffer_4]:  wired=0; compound=0; hidden=1; nouse=0; global=1; static=1; extern=0; dir=2; type=0; pingpong=0; private_global=1; IO mode=ap_ovld:ce=0
Port [ pixelWindowBuffer_3]:  wired=0; compound=0; hidden=1; nouse=0; global=1; static=1; extern=0; dir=2; type=0; pingpong=0; private_global=1; IO mode=ap_ovld:ce=0
Port [ pixelWindowBuffer_7]:  wired=0; compound=0; hidden=1; nouse=0; global=1; static=1; extern=0; dir=2; type=0; pingpong=0; private_global=1; IO mode=ap_ovld:ce=0
Port [ pixelWindowBuffer_6]:  wired=0; compound=0; hidden=1; nouse=0; global=1; static=1; extern=0; dir=2; type=0; pingpong=0; private_global=1; IO mode=ap_ovld:ce=0
---------------- STG Properties END ------------------

---------------- Datapath Model BEGIN ----------------

<LifeTime>
<method=bitvector/>
row3_read         (read         ) [ 00000]
row2_read         (read         ) [ 00000]
row1_read         (read         ) [ 00000]
sortBuffer_2      (load         ) [ 00000]
sortBuffer_1      (load         ) [ 00000]
store_ln58        (store        ) [ 00000]
sortBuffer_5      (load         ) [ 00000]
sortBuffer_4      (load         ) [ 00000]
store_ln58        (store        ) [ 00000]
sortBuffer_8      (load         ) [ 00000]
sortBuffer_7      (load         ) [ 00000]
store_ln58        (store        ) [ 00000]
store_ln65        (store        ) [ 00000]
store_ln66        (store        ) [ 00000]
store_ln67        (store        ) [ 00000]
icmp_ln10         (icmp         ) [ 00000]
select_ln10       (select       ) [ 01100]
select_ln10_1     (select       ) [ 00000]
icmp_ln10_1       (icmp         ) [ 00000]
select_ln10_2     (select       ) [ 01100]
select_ln10_3     (select       ) [ 00000]
icmp_ln10_2       (icmp         ) [ 00000]
select_ln10_4     (select       ) [ 01100]
select_ln10_5     (select       ) [ 00000]
icmp_ln11         (icmp         ) [ 00000]
temp_1            (select       ) [ 01100]
temp_2            (select       ) [ 01100]
icmp_ln11_1       (icmp         ) [ 00000]
select_ln11       (select       ) [ 01100]
temp_3            (select       ) [ 01100]
icmp_ln11_2       (icmp         ) [ 00000]
select_ln11_3     (select       ) [ 01100]
temp_4            (select       ) [ 01100]
icmp_ln12_1       (icmp         ) [ 01100]
icmp_ln12_2       (icmp         ) [ 01100]
icmp_ln12         (icmp         ) [ 00000]
temp_5            (select       ) [ 00000]
temp_6            (select       ) [ 00000]
temp_7            (select       ) [ 00000]
temp_8            (select       ) [ 00000]
select_ln12       (select       ) [ 00000]
select_ln12_2     (select       ) [ 00000]
icmp_ln13         (icmp         ) [ 00000]
temp_9            (select       ) [ 00000]
icmp_ln13_1       (icmp         ) [ 00000]
select_ln13       (select       ) [ 00000]
icmp_ln13_2       (icmp         ) [ 00000]
select_ln13_1     (select       ) [ 01010]
select_ln13_2     (select       ) [ 00000]
icmp_ln14         (icmp         ) [ 00000]
temp_10           (select       ) [ 01011]
icmp_ln14_1       (icmp         ) [ 00000]
temp_11           (select       ) [ 01010]
icmp_ln14_2       (icmp         ) [ 00000]
select_ln14       (select       ) [ 01010]
icmp_ln15         (icmp         ) [ 00000]
temp_12           (select       ) [ 00000]
icmp_ln15_1       (icmp         ) [ 00000]
select_ln15       (select       ) [ 01001]
select_ln15_1     (select       ) [ 01001]
specpipeline_ln0  (specpipeline ) [ 00000]
spectopmodule_ln0 (spectopmodule) [ 00000]
specbitsmap_ln0   (specbitsmap  ) [ 00000]
specinterface_ln0 (specinterface) [ 00000]
specbitsmap_ln0   (specbitsmap  ) [ 00000]
specinterface_ln0 (specinterface) [ 00000]
specbitsmap_ln0   (specbitsmap  ) [ 00000]
specinterface_ln0 (specinterface) [ 00000]
specbitsmap_ln0   (specbitsmap  ) [ 00000]
specinterface_ln0 (specinterface) [ 00000]
icmp_ln15_2       (icmp         ) [ 00000]
temp_13           (select       ) [ 00000]
icmp_ln16         (icmp         ) [ 00000]
select_ln16       (select       ) [ 00000]
write_ln73        (write        ) [ 00000]
ret_ln74          (ret          ) [ 00000]
</LifeTime>

<model>

<comp_list>
<comp id="0" class="1000" name="row1">
<pin_list>
<pin id="1" dir="1" index="0" bw="1" slack="0"/>
</pin_list>
<bind>
<StgValue><ssdm name="row1"/></StgValue>
</bind>
</comp>

<comp id="2" class="1000" name="row2">
<pin_list>
<pin id="3" dir="1" index="0" bw="1" slack="0"/>
</pin_list>
<bind>
<StgValue><ssdm name="row2"/></StgValue>
</bind>
</comp>

<comp id="4" class="1000" name="row3">
<pin_list>
<pin id="5" dir="1" index="0" bw="1" slack="0"/>
</pin_list>
<bind>
<StgValue><ssdm name="row3"/></StgValue>
</bind>
</comp>

<comp id="6" class="1000" name="V">
<pin_list>
<pin id="7" dir="1" index="0" bw="1" slack="0"/>
</pin_list>
<bind>
<StgValue><ssdm name="V"/></StgValue>
</bind>
</comp>

<comp id="8" class="1000" name="pixelWindowBuffer_1">
<pin_list>
<pin id="9" dir="1" index="0" bw="1" slack="0"/>
</pin_list>
<bind>
<StgValue><ssdm name="pixelWindowBuffer_1"/></StgValue>
</bind>
</comp>

<comp id="10" class="1000" name="pixelWindowBuffer_0">
<pin_list>
<pin id="11" dir="1" index="0" bw="1" slack="0"/>
</pin_list>
<bind>
<StgValue><ssdm name="pixelWindowBuffer_0"/></StgValue>
</bind>
</comp>

<comp id="12" class="1000" name="pixelWindowBuffer_4">
<pin_list>
<pin id="13" dir="1" index="0" bw="1" slack="0"/>
</pin_list>
<bind>
<StgValue><ssdm name="pixelWindowBuffer_4"/></StgValue>
</bind>
</comp>

<comp id="14" class="1000" name="pixelWindowBuffer_3">
<pin_list>
<pin id="15" dir="1" index="0" bw="1" slack="0"/>
</pin_list>
<bind>
<StgValue><ssdm name="pixelWindowBuffer_3"/></StgValue>
</bind>
</comp>

<comp id="16" class="1000" name="pixelWindowBuffer_7">
<pin_list>
<pin id="17" dir="1" index="0" bw="1" slack="0"/>
</pin_list>
<bind>
<StgValue><ssdm name="pixelWindowBuffer_7"/></StgValue>
</bind>
</comp>

<comp id="18" class="1000" name="pixelWindowBuffer_6">
<pin_list>
<pin id="19" dir="1" index="0" bw="1" slack="0"/>
</pin_list>
<bind>
<StgValue><ssdm name="pixelWindowBuffer_6"/></StgValue>
</bind>
</comp>

<comp id="20" class="1001" name="const_20">
<pin_list>
<pin id="21" dir="1" index="0" bw="1" slack="0"/>
</pin_list>
<bind>
<StgValue><ssdm name="_ssdm_op_Read.ap_auto.i8"/></StgValue>
</bind>
</comp>

<comp id="22" class="1001" name="const_22">
<pin_list>
<pin id="23" dir="1" index="0" bw="1" slack="2147483647"/>
</pin_list>
<bind>
<StgValue><ssdm name="_ssdm_op_SpecPipeline"/></StgValue>
</bind>
</comp>

<comp id="24" class="1001" name="const_24">
<pin_list>
<pin id="25" dir="1" index="0" bw="1" slack="2147483647"/>
</pin_list>
<bind>
<StgValue><ssdm name=""/></StgValue>
</bind>
</comp>

<comp id="26" class="1001" name="const_26">
<pin_list>
<pin id="27" dir="1" index="0" bw="1" slack="2147483647"/>
</pin_list>
<bind>
<StgValue><ssdm name=""/></StgValue>
</bind>
</comp>

<comp id="28" class="1001" name="const_28">
<pin_list>
<pin id="29" dir="1" index="0" bw="1" slack="2147483647"/>
</pin_list>
<bind>
<StgValue><ssdm name="empty_0"/></StgValue>
</bind>
</comp>

<comp id="30" class="1001" name="const_30">
<pin_list>
<pin id="31" dir="1" index="0" bw="1" slack="2147483647"/>
</pin_list>
<bind>
<StgValue><ssdm name="_ssdm_op_SpecTopModule"/></StgValue>
</bind>
</comp>

<comp id="32" class="1001" name="const_32">
<pin_list>
<pin id="33" dir="1" index="0" bw="1" slack="2147483647"/>
</pin_list>
<bind>
<StgValue><ssdm name="empty_1"/></StgValue>
</bind>
</comp>

<comp id="34" class="1001" name="const_34">
<pin_list>
<pin id="35" dir="1" index="0" bw="1" slack="2147483647"/>
</pin_list>
<bind>
<StgValue><ssdm name="_ssdm_op_SpecBitsMap"/></StgValue>
</bind>
</comp>

<comp id="36" class="1001" name="const_36">
<pin_list>
<pin id="37" dir="1" index="0" bw="1" slack="2147483647"/>
</pin_list>
<bind>
<StgValue><ssdm name="_ssdm_op_SpecInterface"/></StgValue>
</bind>
</comp>

<comp id="38" class="1001" name="const_38">
<pin_list>
<pin id="39" dir="1" index="0" bw="1" slack="2147483647"/>
</pin_list>
<bind>
<StgValue><ssdm name="empty"/></StgValue>
</bind>
</comp>

<comp id="40" class="1001" name="const_40">
<pin_list>
<pin id="41" dir="1" index="0" bw="1" slack="0"/>
</pin_list>
<bind>
<StgValue><ssdm name="_ssdm_op_Write.ap_auto.i8P0A"/></StgValue>
</bind>
</comp>

<comp id="42" class="1004" name="row3_read_read_fu_42">
<pin_list>
<pin id="43" dir="0" index="0" bw="8" slack="0"/>
<pin id="44" dir="0" index="1" bw="8" slack="0"/>
<pin id="45" dir="1" index="2" bw="8" slack="0"/>
</pin_list>
<bind>
<opcode="read(1150) " fcode="read"/>
<opset="row3_read/1 "/>
</bind>
</comp>

<comp id="48" class="1004" name="row2_read_read_fu_48">
<pin_list>
<pin id="49" dir="0" index="0" bw="8" slack="0"/>
<pin id="50" dir="0" index="1" bw="8" slack="0"/>
<pin id="51" dir="1" index="2" bw="8" slack="0"/>
</pin_list>
<bind>
<opcode="read(1150) " fcode="read"/>
<opset="row2_read/1 "/>
</bind>
</comp>

<comp id="54" class="1004" name="row1_read_read_fu_54">
<pin_list>
<pin id="55" dir="0" index="0" bw="8" slack="0"/>
<pin id="56" dir="0" index="1" bw="8" slack="0"/>
<pin id="57" dir="1" index="2" bw="8" slack="0"/>
</pin_list>
<bind>
<opcode="read(1150) " fcode="read"/>
<opset="row1_read/1 "/>
</bind>
</comp>

<comp id="60" class="1004" name="write_ln73_write_fu_60">
<pin_list>
<pin id="61" dir="0" index="0" bw="0" slack="0"/>
<pin id="62" dir="0" index="1" bw="8" slack="0"/>
<pin id="63" dir="0" index="2" bw="8" slack="0"/>
<pin id="64" dir="1" index="3" bw="0" slack="2147483647"/>
</pin_list>
<bind>
<opcode="write(1151) " fcode="write"/>
<opset="write_ln73/4 "/>
</bind>
</comp>

<comp id="67" class="1004" name="sortBuffer_2_load_fu_67">
<pin_list>
<pin id="68" dir="0" index="0" bw="8" slack="0"/>
<pin id="69" dir="1" index="1" bw="8" slack="0"/>
</pin_list>
<bind>
<opcode="load(27) " fcode="load"/>
<opset="sortBuffer_2/1 "/>
</bind>
</comp>

<comp id="71" class="1004" name="sortBuffer_1_load_fu_71">
<pin_list>
<pin id="72" dir="0" index="0" bw="8" slack="0"/>
<pin id="73" dir="1" index="1" bw="8" slack="0"/>
</pin_list>
<bind>
<opcode="load(27) " fcode="load"/>
<opset="sortBuffer_1/1 "/>
</bind>
</comp>

<comp id="75" class="1004" name="store_ln58_store_fu_75">
<pin_list>
<pin id="76" dir="0" index="0" bw="8" slack="0"/>
<pin id="77" dir="0" index="1" bw="8" slack="0"/>
<pin id="78" dir="1" index="2" bw="0" slack="2147483647"/>
</pin_list>
<bind>
<opcode="store(28) " fcode="store"/>
<opset="store_ln58/1 "/>
</bind>
</comp>

<comp id="81" class="1004" name="sortBuffer_5_load_fu_81">
<pin_list>
<pin id="82" dir="0" index="0" bw="8" slack="0"/>
<pin id="83" dir="1" index="1" bw="8" slack="0"/>
</pin_list>
<bind>
<opcode="load(27) " fcode="load"/>
<opset="sortBuffer_5/1 "/>
</bind>
</comp>

<comp id="85" class="1004" name="sortBuffer_4_load_fu_85">
<pin_list>
<pin id="86" dir="0" index="0" bw="8" slack="0"/>
<pin id="87" dir="1" index="1" bw="8" slack="0"/>
</pin_list>
<bind>
<opcode="load(27) " fcode="load"/>
<opset="sortBuffer_4/1 "/>
</bind>
</comp>

<comp id="89" class="1004" name="store_ln58_store_fu_89">
<pin_list>
<pin id="90" dir="0" index="0" bw="8" slack="0"/>
<pin id="91" dir="0" index="1" bw="8" slack="0"/>
<pin id="92" dir="1" index="2" bw="0" slack="2147483647"/>
</pin_list>
<bind>
<opcode="store(28) " fcode="store"/>
<opset="store_ln58/1 "/>
</bind>
</comp>

<comp id="95" class="1004" name="sortBuffer_8_load_fu_95">
<pin_list>
<pin id="96" dir="0" index="0" bw="8" slack="0"/>
<pin id="97" dir="1" index="1" bw="8" slack="0"/>
</pin_list>
<bind>
<opcode="load(27) " fcode="load"/>
<opset="sortBuffer_8/1 "/>
</bind>
</comp>

<comp id="99" class="1004" name="sortBuffer_7_load_fu_99">
<pin_list>
<pin id="100" dir="0" index="0" bw="8" slack="0"/>
<pin id="101" dir="1" index="1" bw="8" slack="0"/>
</pin_list>
<bind>
<opcode="load(27) " fcode="load"/>
<opset="sortBuffer_7/1 "/>
</bind>
</comp>

<comp id="103" class="1004" name="store_ln58_store_fu_103">
<pin_list>
<pin id="104" dir="0" index="0" bw="8" slack="0"/>
<pin id="105" dir="0" index="1" bw="8" slack="0"/>
<pin id="106" dir="1" index="2" bw="0" slack="2147483647"/>
</pin_list>
<bind>
<opcode="store(28) " fcode="store"/>
<opset="store_ln58/1 "/>
</bind>
</comp>

<comp id="109" class="1004" name="store_ln65_store_fu_109">
<pin_list>
<pin id="110" dir="0" index="0" bw="8" slack="0"/>
<pin id="111" dir="0" index="1" bw="8" slack="0"/>
<pin id="112" dir="1" index="2" bw="0" slack="2147483647"/>
</pin_list>
<bind>
<opcode="store(28) " fcode="store"/>
<opset="store_ln65/1 "/>
</bind>
</comp>

<comp id="115" class="1004" name="store_ln66_store_fu_115">
<pin_list>
<pin id="116" dir="0" index="0" bw="8" slack="0"/>
<pin id="117" dir="0" index="1" bw="8" slack="0"/>
<pin id="118" dir="1" index="2" bw="0" slack="2147483647"/>
</pin_list>
<bind>
<opcode="store(28) " fcode="store"/>
<opset="store_ln66/1 "/>
</bind>
</comp>

<comp id="121" class="1004" name="store_ln67_store_fu_121">
<pin_list>
<pin id="122" dir="0" index="0" bw="8" slack="0"/>
<pin id="123" dir="0" index="1" bw="8" slack="0"/>
<pin id="124" dir="1" index="2" bw="0" slack="2147483647"/>
</pin_list>
<bind>
<opcode="store(28) " fcode="store"/>
<opset="store_ln67/1 "/>
</bind>
</comp>

<comp id="127" class="1004" name="icmp_ln10_fu_127">
<pin_list>
<pin id="128" dir="0" index="0" bw="8" slack="0"/>
<pin id="129" dir="0" index="1" bw="8" slack="0"/>
<pin id="130" dir="1" index="2" bw="1" slack="0"/>
</pin_list>
<bind>
<opcode="icmp(45) " fcode="icmp"/>
<opset="icmp_ln10/1 "/>
</bind>
</comp>

<comp id="133" class="1004" name="select_ln10_fu_133">
<pin_list>
<pin id="134" dir="0" index="0" bw="1" slack="0"/>
<pin id="135" dir="0" index="1" bw="8" slack="0"/>
<pin id="136" dir="0" index="2" bw="8" slack="0"/>
<pin id="137" dir="1" index="3" bw="8" slack="1"/>
</pin_list>
<bind>
<opcode="select(49) " fcode="select"/>
<opset="select_ln10/1 "/>
</bind>
</comp>

<comp id="141" class="1004" name="select_ln10_1_fu_141">
<pin_list>
<pin id="142" dir="0" index="0" bw="1" slack="0"/>
<pin id="143" dir="0" index="1" bw="8" slack="0"/>
<pin id="144" dir="0" index="2" bw="8" slack="0"/>
<pin id="145" dir="1" index="3" bw="8" slack="0"/>
</pin_list>
<bind>
<opcode="select(49) " fcode="select"/>
<opset="select_ln10_1/1 "/>
</bind>
</comp>

<comp id="149" class="1004" name="icmp_ln10_1_fu_149">
<pin_list>
<pin id="150" dir="0" index="0" bw="8" slack="0"/>
<pin id="151" dir="0" index="1" bw="8" slack="0"/>
<pin id="152" dir="1" index="2" bw="1" slack="0"/>
</pin_list>
<bind>
<opcode="icmp(45) " fcode="icmp"/>
<opset="icmp_ln10_1/1 "/>
</bind>
</comp>

<comp id="155" class="1004" name="select_ln10_2_fu_155">
<pin_list>
<pin id="156" dir="0" index="0" bw="1" slack="0"/>
<pin id="157" dir="0" index="1" bw="8" slack="0"/>
<pin id="158" dir="0" index="2" bw="8" slack="0"/>
<pin id="159" dir="1" index="3" bw="8" slack="0"/>
</pin_list>
<bind>
<opcode="select(49) " fcode="select"/>
<opset="select_ln10_2/1 "/>
</bind>
</comp>

<comp id="163" class="1004" name="select_ln10_3_fu_163">
<pin_list>
<pin id="164" dir="0" index="0" bw="1" slack="0"/>
<pin id="165" dir="0" index="1" bw="8" slack="0"/>
<pin id="166" dir="0" index="2" bw="8" slack="0"/>
<pin id="167" dir="1" index="3" bw="8" slack="0"/>
</pin_list>
<bind>
<opcode="select(49) " fcode="select"/>
<opset="select_ln10_3/1 "/>
</bind>
</comp>

<comp id="171" class="1004" name="icmp_ln10_2_fu_171">
<pin_list>
<pin id="172" dir="0" index="0" bw="8" slack="0"/>
<pin id="173" dir="0" index="1" bw="8" slack="0"/>
<pin id="174" dir="1" index="2" bw="1" slack="0"/>
</pin_list>
<bind>
<opcode="icmp(45) " fcode="icmp"/>
<opset="icmp_ln10_2/1 "/>
</bind>
</comp>

<comp id="177" class="1004" name="select_ln10_4_fu_177">
<pin_list>
<pin id="178" dir="0" index="0" bw="1" slack="0"/>
<pin id="179" dir="0" index="1" bw="8" slack="0"/>
<pin id="180" dir="0" index="2" bw="8" slack="0"/>
<pin id="181" dir="1" index="3" bw="8" slack="0"/>
</pin_list>
<bind>
<opcode="select(49) " fcode="select"/>
<opset="select_ln10_4/1 "/>
</bind>
</comp>

<comp id="185" class="1004" name="select_ln10_5_fu_185">
<pin_list>
<pin id="186" dir="0" index="0" bw="1" slack="0"/>
<pin id="187" dir="0" index="1" bw="8" slack="0"/>
<pin id="188" dir="0" index="2" bw="8" slack="0"/>
<pin id="189" dir="1" index="3" bw="8" slack="0"/>
</pin_list>
<bind>
<opcode="select(49) " fcode="select"/>
<opset="select_ln10_5/1 "/>
</bind>
</comp>

<comp id="193" class="1004" name="icmp_ln11_fu_193">
<pin_list>
<pin id="194" dir="0" index="0" bw="8" slack="0"/>
<pin id="195" dir="0" index="1" bw="8" slack="0"/>
<pin id="196" dir="1" index="2" bw="1" slack="0"/>
</pin_list>
<bind>
<opcode="icmp(45) " fcode="icmp"/>
<opset="icmp_ln11/1 "/>
</bind>
</comp>

<comp id="199" class="1004" name="temp_1_fu_199">
<pin_list>
<pin id="200" dir="0" index="0" bw="1" slack="0"/>
<pin id="201" dir="0" index="1" bw="8" slack="0"/>
<pin id="202" dir="0" index="2" bw="8" slack="0"/>
<pin id="203" dir="1" index="3" bw="8" slack="1"/>
</pin_list>
<bind>
<opcode="select(49) " fcode="select"/>
<opset="temp_1/1 "/>
</bind>
</comp>

<comp id="207" class="1004" name="temp_2_fu_207">
<pin_list>
<pin id="208" dir="0" index="0" bw="1" slack="0"/>
<pin id="209" dir="0" index="1" bw="8" slack="0"/>
<pin id="210" dir="0" index="2" bw="8" slack="0"/>
<pin id="211" dir="1" index="3" bw="8" slack="1"/>
</pin_list>
<bind>
<opcode="select(49) " fcode="select"/>
<opset="temp_2/1 "/>
</bind>
</comp>

<comp id="215" class="1004" name="icmp_ln11_1_fu_215">
<pin_list>
<pin id="216" dir="0" index="0" bw="8" slack="0"/>
<pin id="217" dir="0" index="1" bw="8" slack="0"/>
<pin id="218" dir="1" index="2" bw="1" slack="0"/>
</pin_list>
<bind>
<opcode="icmp(45) " fcode="icmp"/>
<opset="icmp_ln11_1/1 "/>
</bind>
</comp>

<comp id="221" class="1004" name="select_ln11_fu_221">
<pin_list>
<pin id="222" dir="0" index="0" bw="1" slack="0"/>
<pin id="223" dir="0" index="1" bw="8" slack="0"/>
<pin id="224" dir="0" index="2" bw="8" slack="0"/>
<pin id="225" dir="1" index="3" bw="8" slack="1"/>
</pin_list>
<bind>
<opcode="select(49) " fcode="select"/>
<opset="select_ln11/1 "/>
</bind>
</comp>

<comp id="229" class="1004" name="temp_3_fu_229">
<pin_list>
<pin id="230" dir="0" index="0" bw="1" slack="0"/>
<pin id="231" dir="0" index="1" bw="8" slack="0"/>
<pin id="232" dir="0" index="2" bw="8" slack="0"/>
<pin id="233" dir="1" index="3" bw="8" slack="0"/>
</pin_list>
<bind>
<opcode="select(49) " fcode="select"/>
<opset="temp_3/1 "/>
</bind>
</comp>

<comp id="237" class="1004" name="icmp_ln11_2_fu_237">
<pin_list>
<pin id="238" dir="0" index="0" bw="8" slack="0"/>
<pin id="239" dir="0" index="1" bw="8" slack="0"/>
<pin id="240" dir="1" index="2" bw="1" slack="0"/>
</pin_list>
<bind>
<opcode="icmp(45) " fcode="icmp"/>
<opset="icmp_ln11_2/1 "/>
</bind>
</comp>

<comp id="243" class="1004" name="select_ln11_3_fu_243">
<pin_list>
<pin id="244" dir="0" index="0" bw="1" slack="0"/>
<pin id="245" dir="0" index="1" bw="8" slack="0"/>
<pin id="246" dir="0" index="2" bw="8" slack="0"/>
<pin id="247" dir="1" index="3" bw="8" slack="1"/>
</pin_list>
<bind>
<opcode="select(49) " fcode="select"/>
<opset="select_ln11_3/1 "/>
</bind>
</comp>

<comp id="251" class="1004" name="temp_4_fu_251">
<pin_list>
<pin id="252" dir="0" index="0" bw="1" slack="0"/>
<pin id="253" dir="0" index="1" bw="8" slack="0"/>
<pin id="254" dir="0" index="2" bw="8" slack="0"/>
<pin id="255" dir="1" index="3" bw="8" slack="0"/>
</pin_list>
<bind>
<opcode="select(49) " fcode="select"/>
<opset="temp_4/1 "/>
</bind>
</comp>

<comp id="259" class="1004" name="icmp_ln12_1_fu_259">
<pin_list>
<pin id="260" dir="0" index="0" bw="8" slack="0"/>
<pin id="261" dir="0" index="1" bw="8" slack="0"/>
<pin id="262" dir="1" index="2" bw="1" slack="1"/>
</pin_list>
<bind>
<opcode="icmp(45) " fcode="icmp"/>
<opset="icmp_ln12_1/1 "/>
</bind>
</comp>

<comp id="265" class="1004" name="icmp_ln12_2_fu_265">
<pin_list>
<pin id="266" dir="0" index="0" bw="8" slack="0"/>
<pin id="267" dir="0" index="1" bw="8" slack="0"/>
<pin id="268" dir="1" index="2" bw="1" slack="1"/>
</pin_list>
<bind>
<opcode="icmp(45) " fcode="icmp"/>
<opset="icmp_ln12_2/1 "/>
</bind>
</comp>

<comp id="271" class="1004" name="icmp_ln12_fu_271">
<pin_list>
<pin id="272" dir="0" index="0" bw="8" slack="1"/>
<pin id="273" dir="0" index="1" bw="8" slack="1"/>
<pin id="274" dir="1" index="2" bw="1" slack="0"/>
</pin_list>
<bind>
<opcode="icmp(45) " fcode="icmp"/>
<opset="icmp_ln12/2 "/>
</bind>
</comp>

<comp id="275" class="1004" name="temp_5_fu_275">
<pin_list>
<pin id="276" dir="0" index="0" bw="1" slack="0"/>
<pin id="277" dir="0" index="1" bw="8" slack="1"/>
<pin id="278" dir="0" index="2" bw="8" slack="1"/>
<pin id="279" dir="1" index="3" bw="8" slack="0"/>
</pin_list>
<bind>
<opcode="select(49) " fcode="select"/>
<opset="temp_5/2 "/>
</bind>
</comp>

<comp id="281" class="1004" name="temp_6_fu_281">
<pin_list>
<pin id="282" dir="0" index="0" bw="1" slack="0"/>
<pin id="283" dir="0" index="1" bw="8" slack="1"/>
<pin id="284" dir="0" index="2" bw="8" slack="1"/>
<pin id="285" dir="1" index="3" bw="8" slack="0"/>
</pin_list>
<bind>
<opcode="select(49) " fcode="select"/>
<opset="temp_6/2 "/>
</bind>
</comp>

<comp id="287" class="1004" name="temp_7_fu_287">
<pin_list>
<pin id="288" dir="0" index="0" bw="1" slack="1"/>
<pin id="289" dir="0" index="1" bw="8" slack="1"/>
<pin id="290" dir="0" index="2" bw="8" slack="1"/>
<pin id="291" dir="1" index="3" bw="8" slack="0"/>
</pin_list>
<bind>
<opcode="select(49) " fcode="select"/>
<opset="temp_7/2 "/>
</bind>
</comp>

<comp id="292" class="1004" name="temp_8_fu_292">
<pin_list>
<pin id="293" dir="0" index="0" bw="1" slack="1"/>
<pin id="294" dir="0" index="1" bw="8" slack="1"/>
<pin id="295" dir="0" index="2" bw="8" slack="1"/>
<pin id="296" dir="1" index="3" bw="8" slack="0"/>
</pin_list>
<bind>
<opcode="select(49) " fcode="select"/>
<opset="temp_8/2 "/>
</bind>
</comp>

<comp id="297" class="1004" name="select_ln12_fu_297">
<pin_list>
<pin id="298" dir="0" index="0" bw="1" slack="1"/>
<pin id="299" dir="0" index="1" bw="8" slack="1"/>
<pin id="300" dir="0" index="2" bw="8" slack="1"/>
<pin id="301" dir="1" index="3" bw="8" slack="0"/>
</pin_list>
<bind>
<opcode="select(49) " fcode="select"/>
<opset="select_ln12/2 "/>
</bind>
</comp>

<comp id="302" class="1004" name="select_ln12_2_fu_302">
<pin_list>
<pin id="303" dir="0" index="0" bw="1" slack="1"/>
<pin id="304" dir="0" index="1" bw="8" slack="1"/>
<pin id="305" dir="0" index="2" bw="8" slack="1"/>
<pin id="306" dir="1" index="3" bw="8" slack="0"/>
</pin_list>
<bind>
<opcode="select(49) " fcode="select"/>
<opset="select_ln12_2/2 "/>
</bind>
</comp>

<comp id="307" class="1004" name="icmp_ln13_fu_307">
<pin_list>
<pin id="308" dir="0" index="0" bw="8" slack="1"/>
<pin id="309" dir="0" index="1" bw="8" slack="1"/>
<pin id="310" dir="1" index="2" bw="1" slack="0"/>
</pin_list>
<bind>
<opcode="icmp(45) " fcode="icmp"/>
<opset="icmp_ln13/2 "/>
</bind>
</comp>

<comp id="311" class="1004" name="temp_9_fu_311">
<pin_list>
<pin id="312" dir="0" index="0" bw="1" slack="0"/>
<pin id="313" dir="0" index="1" bw="8" slack="1"/>
<pin id="314" dir="0" index="2" bw="8" slack="1"/>
<pin id="315" dir="1" index="3" bw="8" slack="0"/>
</pin_list>
<bind>
<opcode="select(49) " fcode="select"/>
<opset="temp_9/2 "/>
</bind>
</comp>

<comp id="317" class="1004" name="icmp_ln13_1_fu_317">
<pin_list>
<pin id="318" dir="0" index="0" bw="8" slack="0"/>
<pin id="319" dir="0" index="1" bw="8" slack="0"/>
<pin id="320" dir="1" index="2" bw="1" slack="0"/>
</pin_list>
<bind>
<opcode="icmp(45) " fcode="icmp"/>
<opset="icmp_ln13_1/2 "/>
</bind>
</comp>

<comp id="323" class="1004" name="select_ln13_fu_323">
<pin_list>
<pin id="324" dir="0" index="0" bw="1" slack="0"/>
<pin id="325" dir="0" index="1" bw="8" slack="0"/>
<pin id="326" dir="0" index="2" bw="8" slack="0"/>
<pin id="327" dir="1" index="3" bw="8" slack="0"/>
</pin_list>
<bind>
<opcode="select(49) " fcode="select"/>
<opset="select_ln13/2 "/>
</bind>
</comp>

<comp id="331" class="1004" name="icmp_ln13_2_fu_331">
<pin_list>
<pin id="332" dir="0" index="0" bw="8" slack="0"/>
<pin id="333" dir="0" index="1" bw="8" slack="0"/>
<pin id="334" dir="1" index="2" bw="1" slack="0"/>
</pin_list>
<bind>
<opcode="icmp(45) " fcode="icmp"/>
<opset="icmp_ln13_2/2 "/>
</bind>
</comp>

<comp id="337" class="1004" name="select_ln13_1_fu_337">
<pin_list>
<pin id="338" dir="0" index="0" bw="1" slack="0"/>
<pin id="339" dir="0" index="1" bw="8" slack="0"/>
<pin id="340" dir="0" index="2" bw="8" slack="0"/>
<pin id="341" dir="1" index="3" bw="8" slack="1"/>
</pin_list>
<bind>
<opcode="select(49) " fcode="select"/>
<opset="select_ln13_1/2 "/>
</bind>
</comp>

<comp id="345" class="1004" name="select_ln13_2_fu_345">
<pin_list>
<pin id="346" dir="0" index="0" bw="1" slack="0"/>
<pin id="347" dir="0" index="1" bw="8" slack="0"/>
<pin id="348" dir="0" index="2" bw="8" slack="0"/>
<pin id="349" dir="1" index="3" bw="8" slack="0"/>
</pin_list>
<bind>
<opcode="select(49) " fcode="select"/>
<opset="select_ln13_2/2 "/>
</bind>
</comp>

<comp id="353" class="1004" name="icmp_ln14_fu_353">
<pin_list>
<pin id="354" dir="0" index="0" bw="8" slack="0"/>
<pin id="355" dir="0" index="1" bw="8" slack="1"/>
<pin id="356" dir="1" index="2" bw="1" slack="0"/>
</pin_list>
<bind>
<opcode="icmp(45) " fcode="icmp"/>
<opset="icmp_ln14/2 "/>
</bind>
</comp>

<comp id="358" class="1004" name="temp_10_fu_358">
<pin_list>
<pin id="359" dir="0" index="0" bw="1" slack="0"/>
<pin id="360" dir="0" index="1" bw="8" slack="0"/>
<pin id="361" dir="0" index="2" bw="8" slack="1"/>
<pin id="362" dir="1" index="3" bw="8" slack="2"/>
</pin_list>
<bind>
<opcode="select(49) " fcode="select"/>
<opset="temp_10/2 "/>
</bind>
</comp>

<comp id="365" class="1004" name="icmp_ln14_1_fu_365">
<pin_list>
<pin id="366" dir="0" index="0" bw="8" slack="0"/>
<pin id="367" dir="0" index="1" bw="8" slack="0"/>
<pin id="368" dir="1" index="2" bw="1" slack="0"/>
</pin_list>
<bind>
<opcode="icmp(45) " fcode="icmp"/>
<opset="icmp_ln14_1/2 "/>
</bind>
</comp>

<comp id="371" class="1004" name="temp_11_fu_371">
<pin_list>
<pin id="372" dir="0" index="0" bw="1" slack="0"/>
<pin id="373" dir="0" index="1" bw="8" slack="0"/>
<pin id="374" dir="0" index="2" bw="8" slack="0"/>
<pin id="375" dir="1" index="3" bw="8" slack="1"/>
</pin_list>
<bind>
<opcode="select(49) " fcode="select"/>
<opset="temp_11/2 "/>
</bind>
</comp>

<comp id="379" class="1004" name="icmp_ln14_2_fu_379">
<pin_list>
<pin id="380" dir="0" index="0" bw="8" slack="0"/>
<pin id="381" dir="0" index="1" bw="8" slack="0"/>
<pin id="382" dir="1" index="2" bw="1" slack="0"/>
</pin_list>
<bind>
<opcode="icmp(45) " fcode="icmp"/>
<opset="icmp_ln14_2/2 "/>
</bind>
</comp>

<comp id="385" class="1004" name="select_ln14_fu_385">
<pin_list>
<pin id="386" dir="0" index="0" bw="1" slack="0"/>
<pin id="387" dir="0" index="1" bw="8" slack="0"/>
<pin id="388" dir="0" index="2" bw="8" slack="0"/>
<pin id="389" dir="1" index="3" bw="8" slack="1"/>
</pin_list>
<bind>
<opcode="select(49) " fcode="select"/>
<opset="select_ln14/2 "/>
</bind>
</comp>

<comp id="393" class="1004" name="icmp_ln15_fu_393">
<pin_list>
<pin id="394" dir="0" index="0" bw="8" slack="1"/>
<pin id="395" dir="0" index="1" bw="8" slack="1"/>
<pin id="396" dir="1" index="2" bw="1" slack="0"/>
</pin_list>
<bind>
<opcode="icmp(45) " fcode="icmp"/>
<opset="icmp_ln15/3 "/>
</bind>
</comp>

<comp id="397" class="1004" name="temp_12_fu_397">
<pin_list>
<pin id="398" dir="0" index="0" bw="1" slack="0"/>
<pin id="399" dir="0" index="1" bw="8" slack="1"/>
<pin id="400" dir="0" index="2" bw="8" slack="1"/>
<pin id="401" dir="1" index="3" bw="8" slack="0"/>
</pin_list>
<bind>
<opcode="select(49) " fcode="select"/>
<opset="temp_12/3 "/>
</bind>
</comp>

<comp id="403" class="1004" name="icmp_ln15_1_fu_403">
<pin_list>
<pin id="404" dir="0" index="0" bw="8" slack="0"/>
<pin id="405" dir="0" index="1" bw="8" slack="1"/>
<pin id="406" dir="1" index="2" bw="1" slack="0"/>
</pin_list>
<bind>
<opcode="icmp(45) " fcode="icmp"/>
<opset="icmp_ln15_1/3 "/>
</bind>
</comp>

<comp id="408" class="1004" name="select_ln15_fu_408">
<pin_list>
<pin id="409" dir="0" index="0" bw="1" slack="0"/>
<pin id="410" dir="0" index="1" bw="8" slack="0"/>
<pin id="411" dir="0" index="2" bw="8" slack="1"/>
<pin id="412" dir="1" index="3" bw="8" slack="1"/>
</pin_list>
<bind>
<opcode="select(49) " fcode="select"/>
<opset="select_ln15/3 "/>
</bind>
</comp>

<comp id="415" class="1004" name="select_ln15_1_fu_415">
<pin_list>
<pin id="416" dir="0" index="0" bw="1" slack="0"/>
<pin id="417" dir="0" index="1" bw="8" slack="1"/>
<pin id="418" dir="0" index="2" bw="8" slack="0"/>
<pin id="419" dir="1" index="3" bw="8" slack="1"/>
</pin_list>
<bind>
<opcode="select(49) " fcode="select"/>
<opset="select_ln15_1/3 "/>
</bind>
</comp>

<comp id="422" class="1004" name="icmp_ln15_2_fu_422">
<pin_list>
<pin id="423" dir="0" index="0" bw="8" slack="2"/>
<pin id="424" dir="0" index="1" bw="8" slack="1"/>
<pin id="425" dir="1" index="2" bw="1" slack="0"/>
</pin_list>
<bind>
<opcode="icmp(45) " fcode="icmp"/>
<opset="icmp_ln15_2/4 "/>
</bind>
</comp>

<comp id="426" class="1004" name="temp_13_fu_426">
<pin_list>
<pin id="427" dir="0" index="0" bw="1" slack="0"/>
<pin id="428" dir="0" index="1" bw="8" slack="2"/>
<pin id="429" dir="0" index="2" bw="8" slack="1"/>
<pin id="430" dir="1" index="3" bw="8" slack="0"/>
</pin_list>
<bind>
<opcode="select(49) " fcode="select"/>
<opset="temp_13/4 "/>
</bind>
</comp>

<comp id="432" class="1004" name="icmp_ln16_fu_432">
<pin_list>
<pin id="433" dir="0" index="0" bw="8" slack="0"/>
<pin id="434" dir="0" index="1" bw="8" slack="1"/>
<pin id="435" dir="1" index="2" bw="1" slack="0"/>
</pin_list>
<bind>
<opcode="icmp(45) " fcode="icmp"/>
<opset="icmp_ln16/4 "/>
</bind>
</comp>

<comp id="437" class="1004" name="select_ln16_fu_437">
<pin_list>
<pin id="438" dir="0" index="0" bw="1" slack="0"/>
<pin id="439" dir="0" index="1" bw="8" slack="1"/>
<pin id="440" dir="0" index="2" bw="8" slack="0"/>
<pin id="441" dir="1" index="3" bw="8" slack="0"/>
</pin_list>
<bind>
<opcode="select(49) " fcode="select"/>
<opset="select_ln16/4 "/>
</bind>
</comp>

<comp id="445" class="1005" name="select_ln10_reg_445">
<pin_list>
<pin id="446" dir="0" index="0" bw="8" slack="1"/>
<pin id="447" dir="1" index="1" bw="8" slack="1"/>
</pin_list>
<bind>
<opset="select_ln10 "/>
</bind>
</comp>

<comp id="452" class="1005" name="select_ln10_2_reg_452">
<pin_list>
<pin id="453" dir="0" index="0" bw="8" slack="1"/>
<pin id="454" dir="1" index="1" bw="8" slack="1"/>
</pin_list>
<bind>
<opset="select_ln10_2 "/>
</bind>
</comp>

<comp id="458" class="1005" name="select_ln10_4_reg_458">
<pin_list>
<pin id="459" dir="0" index="0" bw="8" slack="1"/>
<pin id="460" dir="1" index="1" bw="8" slack="1"/>
</pin_list>
<bind>
<opset="select_ln10_4 "/>
</bind>
</comp>

<comp id="464" class="1005" name="temp_1_reg_464">
<pin_list>
<pin id="465" dir="0" index="0" bw="8" slack="1"/>
<pin id="466" dir="1" index="1" bw="8" slack="1"/>
</pin_list>
<bind>
<opset="temp_1 "/>
</bind>
</comp>

<comp id="470" class="1005" name="temp_2_reg_470">
<pin_list>
<pin id="471" dir="0" index="0" bw="8" slack="1"/>
<pin id="472" dir="1" index="1" bw="8" slack="1"/>
</pin_list>
<bind>
<opset="temp_2 "/>
</bind>
</comp>

<comp id="477" class="1005" name="select_ln11_reg_477">
<pin_list>
<pin id="478" dir="0" index="0" bw="8" slack="1"/>
<pin id="479" dir="1" index="1" bw="8" slack="1"/>
</pin_list>
<bind>
<opset="select_ln11 "/>
</bind>
</comp>

<comp id="483" class="1005" name="temp_3_reg_483">
<pin_list>
<pin id="484" dir="0" index="0" bw="8" slack="1"/>
<pin id="485" dir="1" index="1" bw="8" slack="1"/>
</pin_list>
<bind>
<opset="temp_3 "/>
</bind>
</comp>

<comp id="489" class="1005" name="select_ln11_3_reg_489">
<pin_list>
<pin id="490" dir="0" index="0" bw="8" slack="1"/>
<pin id="491" dir="1" index="1" bw="8" slack="1"/>
</pin_list>
<bind>
<opset="select_ln11_3 "/>
</bind>
</comp>

<comp id="495" class="1005" name="temp_4_reg_495">
<pin_list>
<pin id="496" dir="0" index="0" bw="8" slack="1"/>
<pin id="497" dir="1" index="1" bw="8" slack="1"/>
</pin_list>
<bind>
<opset="temp_4 "/>
</bind>
</comp>

<comp id="501" class="1005" name="icmp_ln12_1_reg_501">
<pin_list>
<pin id="502" dir="0" index="0" bw="1" slack="1"/>
<pin id="503" dir="1" index="1" bw="1" slack="1"/>
</pin_list>
<bind>
<opset="icmp_ln12_1 "/>
</bind>
</comp>

<comp id="507" class="1005" name="icmp_ln12_2_reg_507">
<pin_list>
<pin id="508" dir="0" index="0" bw="1" slack="1"/>
<pin id="509" dir="1" index="1" bw="1" slack="1"/>
</pin_list>
<bind>
<opset="icmp_ln12_2 "/>
</bind>
</comp>

<comp id="513" class="1005" name="select_ln13_1_reg_513">
<pin_list>
<pin id="514" dir="0" index="0" bw="8" slack="1"/>
<pin id="515" dir="1" index="1" bw="8" slack="1"/>
</pin_list>
<bind>
<opset="select_ln13_1 "/>
</bind>
</comp>

<comp id="519" class="1005" name="temp_10_reg_519">
<pin_list>
<pin id="520" dir="0" index="0" bw="8" slack="2"/>
<pin id="521" dir="1" index="1" bw="8" slack="2"/>
</pin_list>
<bind>
<opset="temp_10 "/>
</bind>
</comp>

<comp id="525" class="1005" name="temp_11_reg_525">
<pin_list>
<pin id="526" dir="0" index="0" bw="8" slack="1"/>
<pin id="527" dir="1" index="1" bw="8" slack="1"/>
</pin_list>
<bind>
<opset="temp_11 "/>
</bind>
</comp>

<comp id="531" class="1005" name="select_ln14_reg_531">
<pin_list>
<pin id="532" dir="0" index="0" bw="8" slack="1"/>
<pin id="533" dir="1" index="1" bw="8" slack="1"/>
</pin_list>
<bind>
<opset="select_ln14 "/>
</bind>
</comp>

<comp id="538" class="1005" name="select_ln15_reg_538">
<pin_list>
<pin id="539" dir="0" index="0" bw="8" slack="1"/>
<pin id="540" dir="1" index="1" bw="8" slack="1"/>
</pin_list>
<bind>
<opset="select_ln15 "/>
</bind>
</comp>

<comp id="544" class="1005" name="select_ln15_1_reg_544">
<pin_list>
<pin id="545" dir="0" index="0" bw="8" slack="1"/>
<pin id="546" dir="1" index="1" bw="8" slack="1"/>
</pin_list>
<bind>
<opset="select_ln15_1 "/>
</bind>
</comp>

</comp_list>

<net_list>
<net id="46"><net_src comp="20" pin="0"/><net_sink comp="42" pin=0"/></net>

<net id="47"><net_src comp="4" pin="0"/><net_sink comp="42" pin=1"/></net>

<net id="52"><net_src comp="20" pin="0"/><net_sink comp="48" pin=0"/></net>

<net id="53"><net_src comp="2" pin="0"/><net_sink comp="48" pin=1"/></net>

<net id="58"><net_src comp="20" pin="0"/><net_sink comp="54" pin=0"/></net>

<net id="59"><net_src comp="0" pin="0"/><net_sink comp="54" pin=1"/></net>

<net id="65"><net_src comp="40" pin="0"/><net_sink comp="60" pin=0"/></net>

<net id="66"><net_src comp="6" pin="0"/><net_sink comp="60" pin=1"/></net>

<net id="70"><net_src comp="8" pin="0"/><net_sink comp="67" pin=0"/></net>

<net id="74"><net_src comp="10" pin="0"/><net_sink comp="71" pin=0"/></net>

<net id="79"><net_src comp="71" pin="1"/><net_sink comp="75" pin=0"/></net>

<net id="80"><net_src comp="8" pin="0"/><net_sink comp="75" pin=1"/></net>

<net id="84"><net_src comp="12" pin="0"/><net_sink comp="81" pin=0"/></net>

<net id="88"><net_src comp="14" pin="0"/><net_sink comp="85" pin=0"/></net>

<net id="93"><net_src comp="85" pin="1"/><net_sink comp="89" pin=0"/></net>

<net id="94"><net_src comp="12" pin="0"/><net_sink comp="89" pin=1"/></net>

<net id="98"><net_src comp="16" pin="0"/><net_sink comp="95" pin=0"/></net>

<net id="102"><net_src comp="18" pin="0"/><net_sink comp="99" pin=0"/></net>

<net id="107"><net_src comp="99" pin="1"/><net_sink comp="103" pin=0"/></net>

<net id="108"><net_src comp="16" pin="0"/><net_sink comp="103" pin=1"/></net>

<net id="113"><net_src comp="54" pin="2"/><net_sink comp="109" pin=0"/></net>

<net id="114"><net_src comp="10" pin="0"/><net_sink comp="109" pin=1"/></net>

<net id="119"><net_src comp="48" pin="2"/><net_sink comp="115" pin=0"/></net>

<net id="120"><net_src comp="14" pin="0"/><net_sink comp="115" pin=1"/></net>

<net id="125"><net_src comp="42" pin="2"/><net_sink comp="121" pin=0"/></net>

<net id="126"><net_src comp="18" pin="0"/><net_sink comp="121" pin=1"/></net>

<net id="131"><net_src comp="71" pin="1"/><net_sink comp="127" pin=0"/></net>

<net id="132"><net_src comp="67" pin="1"/><net_sink comp="127" pin=1"/></net>

<net id="138"><net_src comp="127" pin="2"/><net_sink comp="133" pin=0"/></net>

<net id="139"><net_src comp="71" pin="1"/><net_sink comp="133" pin=1"/></net>

<net id="140"><net_src comp="67" pin="1"/><net_sink comp="133" pin=2"/></net>

<net id="146"><net_src comp="127" pin="2"/><net_sink comp="141" pin=0"/></net>

<net id="147"><net_src comp="67" pin="1"/><net_sink comp="141" pin=1"/></net>

<net id="148"><net_src comp="71" pin="1"/><net_sink comp="141" pin=2"/></net>

<net id="153"><net_src comp="85" pin="1"/><net_sink comp="149" pin=0"/></net>

<net id="154"><net_src comp="81" pin="1"/><net_sink comp="149" pin=1"/></net>

<net id="160"><net_src comp="149" pin="2"/><net_sink comp="155" pin=0"/></net>

<net id="161"><net_src comp="85" pin="1"/><net_sink comp="155" pin=1"/></net>

<net id="162"><net_src comp="81" pin="1"/><net_sink comp="155" pin=2"/></net>

<net id="168"><net_src comp="149" pin="2"/><net_sink comp="163" pin=0"/></net>

<net id="169"><net_src comp="81" pin="1"/><net_sink comp="163" pin=1"/></net>

<net id="170"><net_src comp="85" pin="1"/><net_sink comp="163" pin=2"/></net>

<net id="175"><net_src comp="99" pin="1"/><net_sink comp="171" pin=0"/></net>

<net id="176"><net_src comp="95" pin="1"/><net_sink comp="171" pin=1"/></net>

<net id="182"><net_src comp="171" pin="2"/><net_sink comp="177" pin=0"/></net>

<net id="183"><net_src comp="99" pin="1"/><net_sink comp="177" pin=1"/></net>

<net id="184"><net_src comp="95" pin="1"/><net_sink comp="177" pin=2"/></net>

<net id="190"><net_src comp="171" pin="2"/><net_sink comp="185" pin=0"/></net>

<net id="191"><net_src comp="95" pin="1"/><net_sink comp="185" pin=1"/></net>

<net id="192"><net_src comp="99" pin="1"/><net_sink comp="185" pin=2"/></net>

<net id="197"><net_src comp="141" pin="3"/><net_sink comp="193" pin=0"/></net>

<net id="198"><net_src comp="54" pin="2"/><net_sink comp="193" pin=1"/></net>

<net id="204"><net_src comp="193" pin="2"/><net_sink comp="199" pin=0"/></net>

<net id="205"><net_src comp="141" pin="3"/><net_sink comp="199" pin=1"/></net>

<net id="206"><net_src comp="54" pin="2"/><net_sink comp="199" pin=2"/></net>

<net id="212"><net_src comp="193" pin="2"/><net_sink comp="207" pin=0"/></net>

<net id="213"><net_src comp="54" pin="2"/><net_sink comp="207" pin=1"/></net>

<net id="214"><net_src comp="141" pin="3"/><net_sink comp="207" pin=2"/></net>

<net id="219"><net_src comp="163" pin="3"/><net_sink comp="215" pin=0"/></net>

<net id="220"><net_src comp="48" pin="2"/><net_sink comp="215" pin=1"/></net>

<net id="226"><net_src comp="215" pin="2"/><net_sink comp="221" pin=0"/></net>

<net id="227"><net_src comp="163" pin="3"/><net_sink comp="221" pin=1"/></net>

<net id="228"><net_src comp="48" pin="2"/><net_sink comp="221" pin=2"/></net>

<net id="234"><net_src comp="215" pin="2"/><net_sink comp="229" pin=0"/></net>

<net id="235"><net_src comp="48" pin="2"/><net_sink comp="229" pin=1"/></net>

<net id="236"><net_src comp="163" pin="3"/><net_sink comp="229" pin=2"/></net>

<net id="241"><net_src comp="185" pin="3"/><net_sink comp="237" pin=0"/></net>

<net id="242"><net_src comp="42" pin="2"/><net_sink comp="237" pin=1"/></net>

<net id="248"><net_src comp="237" pin="2"/><net_sink comp="243" pin=0"/></net>

<net id="249"><net_src comp="185" pin="3"/><net_sink comp="243" pin=1"/></net>

<net id="250"><net_src comp="42" pin="2"/><net_sink comp="243" pin=2"/></net>

<net id="256"><net_src comp="237" pin="2"/><net_sink comp="251" pin=0"/></net>

<net id="257"><net_src comp="42" pin="2"/><net_sink comp="251" pin=1"/></net>

<net id="258"><net_src comp="185" pin="3"/><net_sink comp="251" pin=2"/></net>

<net id="263"><net_src comp="229" pin="3"/><net_sink comp="259" pin=0"/></net>

<net id="264"><net_src comp="155" pin="3"/><net_sink comp="259" pin=1"/></net>

<net id="269"><net_src comp="251" pin="3"/><net_sink comp="265" pin=0"/></net>

<net id="270"><net_src comp="177" pin="3"/><net_sink comp="265" pin=1"/></net>

<net id="280"><net_src comp="271" pin="2"/><net_sink comp="275" pin=0"/></net>

<net id="286"><net_src comp="271" pin="2"/><net_sink comp="281" pin=0"/></net>

<net id="316"><net_src comp="307" pin="2"/><net_sink comp="311" pin=0"/></net>

<net id="321"><net_src comp="292" pin="3"/><net_sink comp="317" pin=0"/></net>

<net id="322"><net_src comp="302" pin="3"/><net_sink comp="317" pin=1"/></net>

<net id="328"><net_src comp="317" pin="2"/><net_sink comp="323" pin=0"/></net>

<net id="329"><net_src comp="302" pin="3"/><net_sink comp="323" pin=1"/></net>

<net id="330"><net_src comp="292" pin="3"/><net_sink comp="323" pin=2"/></net>

<net id="335"><net_src comp="287" pin="3"/><net_sink comp="331" pin=0"/></net>

<net id="336"><net_src comp="297" pin="3"/><net_sink comp="331" pin=1"/></net>

<net id="342"><net_src comp="331" pin="2"/><net_sink comp="337" pin=0"/></net>

<net id="343"><net_src comp="287" pin="3"/><net_sink comp="337" pin=1"/></net>

<net id="344"><net_src comp="297" pin="3"/><net_sink comp="337" pin=2"/></net>

<net id="350"><net_src comp="331" pin="2"/><net_sink comp="345" pin=0"/></net>

<net id="351"><net_src comp="297" pin="3"/><net_sink comp="345" pin=1"/></net>

<net id="352"><net_src comp="287" pin="3"/><net_sink comp="345" pin=2"/></net>

<net id="357"><net_src comp="311" pin="3"/><net_sink comp="353" pin=0"/></net>

<net id="363"><net_src comp="353" pin="2"/><net_sink comp="358" pin=0"/></net>

<net id="364"><net_src comp="311" pin="3"/><net_sink comp="358" pin=1"/></net>

<net id="369"><net_src comp="281" pin="3"/><net_sink comp="365" pin=0"/></net>

<net id="370"><net_src comp="345" pin="3"/><net_sink comp="365" pin=1"/></net>

<net id="376"><net_src comp="365" pin="2"/><net_sink comp="371" pin=0"/></net>

<net id="377"><net_src comp="281" pin="3"/><net_sink comp="371" pin=1"/></net>

<net id="378"><net_src comp="345" pin="3"/><net_sink comp="371" pin=2"/></net>

<net id="383"><net_src comp="275" pin="3"/><net_sink comp="379" pin=0"/></net>

<net id="384"><net_src comp="323" pin="3"/><net_sink comp="379" pin=1"/></net>

<net id="390"><net_src comp="379" pin="2"/><net_sink comp="385" pin=0"/></net>

<net id="391"><net_src comp="323" pin="3"/><net_sink comp="385" pin=1"/></net>

<net id="392"><net_src comp="275" pin="3"/><net_sink comp="385" pin=2"/></net>

<net id="402"><net_src comp="393" pin="2"/><net_sink comp="397" pin=0"/></net>

<net id="407"><net_src comp="397" pin="3"/><net_sink comp="403" pin=0"/></net>

<net id="413"><net_src comp="403" pin="2"/><net_sink comp="408" pin=0"/></net>

<net id="414"><net_src comp="397" pin="3"/><net_sink comp="408" pin=1"/></net>

<net id="420"><net_src comp="403" pin="2"/><net_sink comp="415" pin=0"/></net>

<net id="421"><net_src comp="397" pin="3"/><net_sink comp="415" pin=2"/></net>

<net id="431"><net_src comp="422" pin="2"/><net_sink comp="426" pin=0"/></net>

<net id="436"><net_src comp="426" pin="3"/><net_sink comp="432" pin=0"/></net>

<net id="442"><net_src comp="432" pin="2"/><net_sink comp="437" pin=0"/></net>

<net id="443"><net_src comp="426" pin="3"/><net_sink comp="437" pin=2"/></net>

<net id="444"><net_src comp="437" pin="3"/><net_sink comp="60" pin=2"/></net>

<net id="448"><net_src comp="133" pin="3"/><net_sink comp="445" pin=0"/></net>

<net id="449"><net_src comp="445" pin="1"/><net_sink comp="271" pin=1"/></net>

<net id="450"><net_src comp="445" pin="1"/><net_sink comp="275" pin=2"/></net>

<net id="451"><net_src comp="445" pin="1"/><net_sink comp="281" pin=1"/></net>

<net id="455"><net_src comp="155" pin="3"/><net_sink comp="452" pin=0"/></net>

<net id="456"><net_src comp="452" pin="1"/><net_sink comp="287" pin=1"/></net>

<net id="457"><net_src comp="452" pin="1"/><net_sink comp="292" pin=2"/></net>

<net id="461"><net_src comp="177" pin="3"/><net_sink comp="458" pin=0"/></net>

<net id="462"><net_src comp="458" pin="1"/><net_sink comp="297" pin=1"/></net>

<net id="463"><net_src comp="458" pin="1"/><net_sink comp="302" pin=2"/></net>

<net id="467"><net_src comp="199" pin="3"/><net_sink comp="464" pin=0"/></net>

<net id="468"><net_src comp="464" pin="1"/><net_sink comp="307" pin=0"/></net>

<net id="469"><net_src comp="464" pin="1"/><net_sink comp="311" pin=1"/></net>

<net id="473"><net_src comp="207" pin="3"/><net_sink comp="470" pin=0"/></net>

<net id="474"><net_src comp="470" pin="1"/><net_sink comp="271" pin=0"/></net>

<net id="475"><net_src comp="470" pin="1"/><net_sink comp="275" pin=1"/></net>

<net id="476"><net_src comp="470" pin="1"/><net_sink comp="281" pin=2"/></net>

<net id="480"><net_src comp="221" pin="3"/><net_sink comp="477" pin=0"/></net>

<net id="481"><net_src comp="477" pin="1"/><net_sink comp="307" pin=1"/></net>

<net id="482"><net_src comp="477" pin="1"/><net_sink comp="311" pin=2"/></net>

<net id="486"><net_src comp="229" pin="3"/><net_sink comp="483" pin=0"/></net>

<net id="487"><net_src comp="483" pin="1"/><net_sink comp="287" pin=2"/></net>

<net id="488"><net_src comp="483" pin="1"/><net_sink comp="292" pin=1"/></net>

<net id="492"><net_src comp="243" pin="3"/><net_sink comp="489" pin=0"/></net>

<net id="493"><net_src comp="489" pin="1"/><net_sink comp="353" pin=1"/></net>

<net id="494"><net_src comp="489" pin="1"/><net_sink comp="358" pin=2"/></net>

<net id="498"><net_src comp="251" pin="3"/><net_sink comp="495" pin=0"/></net>

<net id="499"><net_src comp="495" pin="1"/><net_sink comp="297" pin=2"/></net>

<net id="500"><net_src comp="495" pin="1"/><net_sink comp="302" pin=1"/></net>

<net id="504"><net_src comp="259" pin="2"/><net_sink comp="501" pin=0"/></net>

<net id="505"><net_src comp="501" pin="1"/><net_sink comp="287" pin=0"/></net>

<net id="506"><net_src comp="501" pin="1"/><net_sink comp="292" pin=0"/></net>

<net id="510"><net_src comp="265" pin="2"/><net_sink comp="507" pin=0"/></net>

<net id="511"><net_src comp="507" pin="1"/><net_sink comp="297" pin=0"/></net>

<net id="512"><net_src comp="507" pin="1"/><net_sink comp="302" pin=0"/></net>

<net id="516"><net_src comp="337" pin="3"/><net_sink comp="513" pin=0"/></net>

<net id="517"><net_src comp="513" pin="1"/><net_sink comp="393" pin=1"/></net>

<net id="518"><net_src comp="513" pin="1"/><net_sink comp="397" pin=1"/></net>

<net id="522"><net_src comp="358" pin="3"/><net_sink comp="519" pin=0"/></net>

<net id="523"><net_src comp="519" pin="1"/><net_sink comp="422" pin=0"/></net>

<net id="524"><net_src comp="519" pin="1"/><net_sink comp="426" pin=1"/></net>

<net id="528"><net_src comp="371" pin="3"/><net_sink comp="525" pin=0"/></net>

<net id="529"><net_src comp="525" pin="1"/><net_sink comp="393" pin=0"/></net>

<net id="530"><net_src comp="525" pin="1"/><net_sink comp="397" pin=2"/></net>

<net id="534"><net_src comp="385" pin="3"/><net_sink comp="531" pin=0"/></net>

<net id="535"><net_src comp="531" pin="1"/><net_sink comp="403" pin=1"/></net>

<net id="536"><net_src comp="531" pin="1"/><net_sink comp="408" pin=2"/></net>

<net id="537"><net_src comp="531" pin="1"/><net_sink comp="415" pin=1"/></net>

<net id="541"><net_src comp="408" pin="3"/><net_sink comp="538" pin=0"/></net>

<net id="542"><net_src comp="538" pin="1"/><net_sink comp="432" pin=1"/></net>

<net id="543"><net_src comp="538" pin="1"/><net_sink comp="437" pin=1"/></net>

<net id="547"><net_src comp="415" pin="3"/><net_sink comp="544" pin=0"/></net>

<net id="548"><net_src comp="544" pin="1"/><net_sink comp="422" pin=1"/></net>

<net id="549"><net_src comp="544" pin="1"/><net_sink comp="426" pin=2"/></net>

</net_list>

</model> 
---------------- Datapath Model END ------------------

* FSMD analyzer results:
  - Output states:
	Port: V | {4 }
	Port: pixelWindowBuffer_1 | {1 }
	Port: pixelWindowBuffer_0 | {1 }
	Port: pixelWindowBuffer_4 | {1 }
	Port: pixelWindowBuffer_3 | {1 }
	Port: pixelWindowBuffer_7 | {1 }
	Port: pixelWindowBuffer_6 | {1 }
 - Input state : 
	Port: MedianFilter : row1 | {1 }
	Port: MedianFilter : row2 | {1 }
	Port: MedianFilter : row3 | {1 }
	Port: MedianFilter : pixelWindowBuffer_1 | {1 }
	Port: MedianFilter : pixelWindowBuffer_0 | {1 }
	Port: MedianFilter : pixelWindowBuffer_4 | {1 }
	Port: MedianFilter : pixelWindowBuffer_3 | {1 }
	Port: MedianFilter : pixelWindowBuffer_7 | {1 }
	Port: MedianFilter : pixelWindowBuffer_6 | {1 }
  - Chain level:
	State 1
		store_ln58 : 1
		store_ln58 : 1
		store_ln58 : 1
		icmp_ln10 : 1
		select_ln10 : 2
		select_ln10_1 : 2
		icmp_ln10_1 : 1
		select_ln10_2 : 2
		select_ln10_3 : 2
		icmp_ln10_2 : 1
		select_ln10_4 : 2
		select_ln10_5 : 2
		icmp_ln11 : 3
		temp_1 : 4
		temp_2 : 4
		icmp_ln11_1 : 3
		select_ln11 : 4
		temp_3 : 4
		icmp_ln11_2 : 3
		select_ln11_3 : 4
		temp_4 : 4
		icmp_ln12_1 : 5
		icmp_ln12_2 : 5
	State 2
		temp_5 : 1
		temp_6 : 1
		temp_9 : 1
		icmp_ln13_1 : 1
		select_ln13 : 2
		icmp_ln13_2 : 1
		select_ln13_1 : 2
		select_ln13_2 : 2
		icmp_ln14 : 2
		temp_10 : 3
		icmp_ln14_1 : 3
		temp_11 : 4
		icmp_ln14_2 : 3
		select_ln14 : 4
	State 3
		temp_12 : 1
		icmp_ln15_1 : 2
		select_ln15 : 3
		select_ln15_1 : 3
	State 4
		temp_13 : 1
		icmp_ln16 : 2
		select_ln16 : 3
		write_ln73 : 4


============================================================
+ Verbose Summary: Datapath Resource usage 
============================================================

* Functional unit list:
|----------|------------------------|---------|---------|
| Operation|     Functional Unit    |    FF   |   LUT   |
|----------|------------------------|---------|---------|
|          |   select_ln10_fu_133   |    0    |    8    |
|          |  select_ln10_1_fu_141  |    0    |    8    |
|          |  select_ln10_2_fu_155  |    0    |    8    |
|          |  select_ln10_3_fu_163  |    0    |    8    |
|          |  select_ln10_4_fu_177  |    0    |    8    |
|          |  select_ln10_5_fu_185  |    0    |    8    |
|          |      temp_1_fu_199     |    0    |    8    |
|          |      temp_2_fu_207     |    0    |    8    |
|          |   select_ln11_fu_221   |    0    |    8    |
|          |      temp_3_fu_229     |    0    |    8    |
|          |  select_ln11_3_fu_243  |    0    |    8    |
|          |      temp_4_fu_251     |    0    |    8    |
|          |      temp_5_fu_275     |    0    |    8    |
|          |      temp_6_fu_281     |    0    |    8    |
|  select  |      temp_7_fu_287     |    0    |    8    |
|          |      temp_8_fu_292     |    0    |    8    |
|          |   select_ln12_fu_297   |    0    |    8    |
|          |  select_ln12_2_fu_302  |    0    |    8    |
|          |      temp_9_fu_311     |    0    |    8    |
|          |   select_ln13_fu_323   |    0    |    8    |
|          |  select_ln13_1_fu_337  |    0    |    8    |
|          |  select_ln13_2_fu_345  |    0    |    8    |
|          |     temp_10_fu_358     |    0    |    8    |
|          |     temp_11_fu_371     |    0    |    8    |
|          |   select_ln14_fu_385   |    0    |    8    |
|          |     temp_12_fu_397     |    0    |    8    |
|          |   select_ln15_fu_408   |    0    |    8    |
|          |  select_ln15_1_fu_415  |    0    |    8    |
|          |     temp_13_fu_426     |    0    |    8    |
|          |   select_ln16_fu_437   |    0    |    8    |
|----------|------------------------|---------|---------|
|          |    icmp_ln10_fu_127    |    0    |    11   |
|          |   icmp_ln10_1_fu_149   |    0    |    11   |
|          |   icmp_ln10_2_fu_171   |    0    |    11   |
|          |    icmp_ln11_fu_193    |    0    |    11   |
|          |   icmp_ln11_1_fu_215   |    0    |    11   |
|          |   icmp_ln11_2_fu_237   |    0    |    11   |
|          |   icmp_ln12_1_fu_259   |    0    |    11   |
|          |   icmp_ln12_2_fu_265   |    0    |    11   |
|          |    icmp_ln12_fu_271    |    0    |    11   |
|   icmp   |    icmp_ln13_fu_307    |    0    |    11   |
|          |   icmp_ln13_1_fu_317   |    0    |    11   |
|          |   icmp_ln13_2_fu_331   |    0    |    11   |
|          |    icmp_ln14_fu_353    |    0    |    11   |
|          |   icmp_ln14_1_fu_365   |    0    |    11   |
|          |   icmp_ln14_2_fu_379   |    0    |    11   |
|          |    icmp_ln15_fu_393    |    0    |    11   |
|          |   icmp_ln15_1_fu_403   |    0    |    11   |
|          |   icmp_ln15_2_fu_422   |    0    |    11   |
|          |    icmp_ln16_fu_432    |    0    |    11   |
|----------|------------------------|---------|---------|
|          |  row3_read_read_fu_42  |    0    |    0    |
|   read   |  row2_read_read_fu_48  |    0    |    0    |
|          |  row1_read_read_fu_54  |    0    |    0    |
|----------|------------------------|---------|---------|
|   write  | write_ln73_write_fu_60 |    0    |    0    |
|----------|------------------------|---------|---------|
|   Total  |                        |    0    |   449   |
|----------|------------------------|---------|---------|

Memories:
N/A

* Register list:
+---------------------+--------+
|                     |   FF   |
+---------------------+--------+
| icmp_ln12_1_reg_501 |    1   |
| icmp_ln12_2_reg_507 |    1   |
|select_ln10_2_reg_452|    8   |
|select_ln10_4_reg_458|    8   |
| select_ln10_reg_445 |    8   |
|select_ln11_3_reg_489|    8   |
| select_ln11_reg_477 |    8   |
|select_ln13_1_reg_513|    8   |
| select_ln14_reg_531 |    8   |
|select_ln15_1_reg_544|    8   |
| select_ln15_reg_538 |    8   |
|   temp_10_reg_519   |    8   |
|   temp_11_reg_525   |    8   |
|    temp_1_reg_464   |    8   |
|    temp_2_reg_470   |    8   |
|    temp_3_reg_483   |    8   |
|    temp_4_reg_495   |    8   |
+---------------------+--------+
|        Total        |   122  |
+---------------------+--------+

* Multiplexer (MUX) list: 
|--------|------|------|------|--------|
|  Comp  |  Pin | Size |  BW  | S x BW |
|--------|------|------|------|--------|
|  Total |      |      |      |    0   |
|--------|------|------|------|--------|



* Summary:
+-----------+--------+--------+
|           |   FF   |   LUT  |
+-----------+--------+--------+
|  Function |    0   |   449  |
|   Memory  |    -   |    -   |
|Multiplexer|    -   |    -   |
|  Register |   122  |    -   |
+-----------+--------+--------+
|   Total   |   122  |   449  |
+-----------+--------+--------+
